[0.125s] Invoking command in '/home/pau24113/Documents/GitHub/IR2121/pau2_ws/build/turtlesim': CMAKE_PREFIX_PATH=/opt/ros/foxy /usr/bin/cmake /home/pau24113/Documents/GitHub/IR2121/pau2_ws/src/ros_tutorials/turtlesim -DCMAKE_INSTALL_PREFIX=/home/pau24113/Documents/GitHub/IR2121/pau2_ws/install/turtlesim
[0.273s] -- The C compiler identification is GNU 9.4.0
[0.314s] -- The CXX compiler identification is GNU 9.4.0
[0.320s] -- Check for working C compiler: /usr/bin/cc
[0.368s] -- Check for working C compiler: /usr/bin/cc -- works
[0.369s] -- Detecting C compiler ABI info
[0.423s] -- Detecting C compiler ABI info - done
[0.432s] -- Detecting C compile features
[0.432s] -- Detecting C compile features - done
[0.435s] -- Check for working CXX compiler: /usr/bin/c++
[0.501s] -- Check for working CXX compiler: /usr/bin/c++ -- works
[0.503s] -- Detecting CXX compiler ABI info
[0.608s] -- Detecting CXX compiler ABI info - done
[0.618s] -- Detecting CXX compile features
[0.618s] -- Detecting CXX compile features - done
[0.630s] -- Found ament_cmake: 0.9.12 (/opt/ros/foxy/share/ament_cmake/cmake)
[0.650s] -- Found PythonInterp: /usr/bin/python3 (found suitable version "3.8.10", minimum required is "3") 
[0.650s] -- Using PYTHON_EXECUTABLE: /usr/bin/python3
[0.816s] -- Found ament_index_cpp: 1.1.0 (/opt/ros/foxy/share/ament_index_cpp/cmake)
[0.820s] -- Found geometry_msgs: 2.0.5 (/opt/ros/foxy/share/geometry_msgs/cmake)
[0.855s] -- Using all available rosidl_typesupport_c: rosidl_typesupport_fastrtps_c;rosidl_typesupport_introspection_c
[0.862s] -- Found rosidl_adapter: 1.3.1 (/opt/ros/foxy/share/rosidl_adapter/cmake)
[0.930s] -- Found OpenSSL: /usr/lib/x86_64-linux-gnu/libcrypto.so (found version "1.1.1f")  
[0.951s] -- Found FastRTPS: /opt/ros/foxy/include  
[1.009s] -- Using all available rosidl_typesupport_cpp: rosidl_typesupport_fastrtps_cpp;rosidl_typesupport_introspection_cpp
[1.107s] -- Found rclcpp: 2.4.3 (/opt/ros/foxy/share/rclcpp/cmake)
[1.151s] -- Found rmw_implementation_cmake: 1.0.4 (/opt/ros/foxy/share/rmw_implementation_cmake/cmake)
[1.152s] -- Using RMW implementation 'rmw_fastrtps_cpp' as default
[1.153s] -- Looking for pthread.h
[1.199s] -- Looking for pthread.h - found
[1.199s] -- Performing Test CMAKE_HAVE_LIBC_PTHREAD
[1.247s] -- Performing Test CMAKE_HAVE_LIBC_PTHREAD - Failed
[1.247s] -- Looking for pthread_create in pthreads
[1.295s] -- Looking for pthread_create in pthreads - not found
[1.295s] -- Looking for pthread_create in pthread
[1.340s] -- Looking for pthread_create in pthread - found
[1.340s] -- Found Threads: TRUE  
[1.461s] -- Found rclcpp_action: 2.4.3 (/opt/ros/foxy/share/rclcpp_action/cmake)
[1.526s] -- Found rosidl_default_generators: 1.0.1 (/opt/ros/foxy/share/rosidl_default_generators/cmake)
[1.537s] -- Found std_srvs: 2.0.5 (/opt/ros/foxy/share/std_srvs/cmake)
[1.560s] -- Found PythonInterp: /usr/bin/python3 (found version "3.8.10") 
[1.690s] -- Found ament_cmake_ros: 0.9.2 (/opt/ros/foxy/share/ament_cmake_ros/cmake)
[1.783s] -- Using all available rosidl_typesupport_c: rosidl_typesupport_fastrtps_c;rosidl_typesupport_introspection_c
[1.803s] -- Using all available rosidl_typesupport_cpp: rosidl_typesupport_fastrtps_cpp;rosidl_typesupport_introspection_cpp
[1.821s] -- Found PythonInterp: /usr/bin/python3 (found suitable version "3.8.10", minimum required is "3.5") 
[1.822s] -- Found python_cmake_module: 0.8.1 (/opt/ros/foxy/share/python_cmake_module/cmake)
[1.842s] -- Found PythonLibs: /usr/lib/x86_64-linux-gnu/libpython3.8.so (found suitable version "3.8.10", minimum required is "3.5") 
[1.842s] -- Using PYTHON_EXECUTABLE: /usr/bin/python3
[1.842s] -- Using PYTHON_INCLUDE_DIRS: /usr/include/python3.8
[1.842s] -- Using PYTHON_LIBRARIES: /usr/lib/x86_64-linux-gnu/libpython3.8.so
[1.856s] -- Found PythonExtra: .so  
[1.907s] -- Configuring done
[1.978s] -- Generating done
[1.980s] -- Build files have been written to: /home/pau24113/Documents/GitHub/IR2121/pau2_ws/build/turtlesim
[1.987s] Invoked command in '/home/pau24113/Documents/GitHub/IR2121/pau2_ws/build/turtlesim' returned '0': CMAKE_PREFIX_PATH=/opt/ros/foxy /usr/bin/cmake /home/pau24113/Documents/GitHub/IR2121/pau2_ws/src/ros_tutorials/turtlesim -DCMAKE_INSTALL_PREFIX=/home/pau24113/Documents/GitHub/IR2121/pau2_ws/install/turtlesim
[1.989s] Invoking command in '/home/pau24113/Documents/GitHub/IR2121/pau2_ws/build/turtlesim': CMAKE_PREFIX_PATH=/opt/ros/foxy /usr/bin/cmake --build /home/pau24113/Documents/GitHub/IR2121/pau2_ws/build/turtlesim -- -j16 -l16
[2.016s] [  1%] [34m[1mGenerating C code for ROS interfaces[0m
[2.016s] [35m[1mScanning dependencies of target turtlesim__cpp[0m
[2.023s] [  2%] [34m[1mGenerating C++ code for ROS interfaces[0m
[2.706s] [  2%] Built target turtlesim__cpp
[2.714s] [  4%] [34m[1mGenerating C++ type support dispatch for ROS interfaces[0m
[2.714s] [  4%] [34m[1mGenerating C++ introspection for ROS interfaces[0m
[2.714s] [  5%] [34m[1mGenerating C++ type support for eProsima Fast-RTPS[0m
[2.788s] [35m[1mScanning dependencies of target turtlesim__rosidl_generator_c[0m
[2.804s] [  9%] [32mBuilding C object CMakeFiles/turtlesim__rosidl_generator_c.dir/rosidl_generator_c/turtlesim/msg/detail/pose__functions.c.o[0m
[2.804s] [  9%] [32mBuilding C object CMakeFiles/turtlesim__rosidl_generator_c.dir/rosidl_generator_c/turtlesim/srv/detail/kill__functions.c.o[0m
[2.804s] [  9%] [32mBuilding C object CMakeFiles/turtlesim__rosidl_generator_c.dir/rosidl_generator_c/turtlesim/action/detail/rotate_absolute__functions.c.o[0m
[2.804s] [  9%] [32mBuilding C object CMakeFiles/turtlesim__rosidl_generator_c.dir/rosidl_generator_c/turtlesim/srv/detail/set_pen__functions.c.o[0m
[2.806s] [ 10%] [32mBuilding C object CMakeFiles/turtlesim__rosidl_generator_c.dir/rosidl_generator_c/turtlesim/msg/detail/color__functions.c.o[0m
[2.806s] [ 12%] [32mBuilding C object CMakeFiles/turtlesim__rosidl_generator_c.dir/rosidl_generator_c/turtlesim/srv/detail/teleport_absolute__functions.c.o[0m
[2.807s] [ 13%] [32mBuilding C object CMakeFiles/turtlesim__rosidl_generator_c.dir/rosidl_generator_c/turtlesim/srv/detail/teleport_relative__functions.c.o[0m
[2.807s] [ 13%] [32mBuilding C object CMakeFiles/turtlesim__rosidl_generator_c.dir/rosidl_generator_c/turtlesim/srv/detail/spawn__functions.c.o[0m
[2.914s] [ 14%] [32m[1mLinking C shared library libturtlesim__rosidl_generator_c.so[0m
[2.947s] [ 14%] Built target turtlesim__rosidl_generator_c
[2.955s] [ 16%] [34m[1mGenerating C type support dispatch for ROS interfaces[0m
[2.955s] [ 16%] [34m[1mGenerating C introspection for ROS interfaces[0m
[3.172s] [35m[1mScanning dependencies of target turtlesim__rosidl_typesupport_cpp[0m
[3.194s] [ 19%] [32mBuilding CXX object CMakeFiles/turtlesim__rosidl_typesupport_cpp.dir/rosidl_typesupport_cpp/turtlesim/action/rotate_absolute__type_support.cpp.o[0m
[3.194s] [ 19%] [32mBuilding CXX object CMakeFiles/turtlesim__rosidl_typesupport_cpp.dir/rosidl_typesupport_cpp/turtlesim/msg/color__type_support.cpp.o[0m
[3.194s] [ 19%] [32mBuilding CXX object CMakeFiles/turtlesim__rosidl_typesupport_cpp.dir/rosidl_typesupport_cpp/turtlesim/msg/pose__type_support.cpp.o[0m
[3.195s] [ 20%] [32mBuilding CXX object CMakeFiles/turtlesim__rosidl_typesupport_cpp.dir/rosidl_typesupport_cpp/turtlesim/srv/kill__type_support.cpp.o[0m
[3.195s] [ 21%] [32mBuilding CXX object CMakeFiles/turtlesim__rosidl_typesupport_cpp.dir/rosidl_typesupport_cpp/turtlesim/srv/set_pen__type_support.cpp.o[0m
[3.195s] [ 22%] [32mBuilding CXX object CMakeFiles/turtlesim__rosidl_typesupport_cpp.dir/rosidl_typesupport_cpp/turtlesim/srv/teleport_absolute__type_support.cpp.o[0m
[3.195s] [ 23%] [32mBuilding CXX object CMakeFiles/turtlesim__rosidl_typesupport_cpp.dir/rosidl_typesupport_cpp/turtlesim/srv/spawn__type_support.cpp.o[0m
[3.195s] [ 24%] [32mBuilding CXX object CMakeFiles/turtlesim__rosidl_typesupport_cpp.dir/rosidl_typesupport_cpp/turtlesim/srv/teleport_relative__type_support.cpp.o[0m
[3.267s] [35m[1mScanning dependencies of target turtlesim__rosidl_typesupport_introspection_cpp[0m
[3.286s] [ 28%] [32mBuilding CXX object CMakeFiles/turtlesim__rosidl_typesupport_introspection_cpp.dir/rosidl_typesupport_introspection_cpp/turtlesim/msg/detail/color__type_support.cpp.o[0m
[3.286s] [ 28%] [32mBuilding CXX object CMakeFiles/turtlesim__rosidl_typesupport_introspection_cpp.dir/rosidl_typesupport_introspection_cpp/turtlesim/srv/detail/kill__type_support.cpp.o[0m
[3.286s] [ 29%] [32mBuilding CXX object CMakeFiles/turtlesim__rosidl_typesupport_introspection_cpp.dir/rosidl_typesupport_introspection_cpp/turtlesim/action/detail/rotate_absolute__type_support.cpp.o[0m
[3.286s] [ 29%] [32mBuilding CXX object CMakeFiles/turtlesim__rosidl_typesupport_introspection_cpp.dir/rosidl_typesupport_introspection_cpp/turtlesim/msg/detail/pose__type_support.cpp.o[0m
[3.287s] [ 28%] [32mBuilding CXX object CMakeFiles/turtlesim__rosidl_typesupport_introspection_cpp.dir/rosidl_typesupport_introspection_cpp/turtlesim/srv/detail/set_pen__type_support.cpp.o[0m
[3.584s] [35m[1mScanning dependencies of target turtlesim__rosidl_typesupport_c[0m
[3.585s] [ 30%] [32mBuilding CXX object CMakeFiles/turtlesim__rosidl_typesupport_introspection_cpp.dir/rosidl_typesupport_introspection_cpp/turtlesim/srv/detail/spawn__type_support.cpp.o[0m
[3.599s] [ 31%] [32mBuilding CXX object CMakeFiles/turtlesim__rosidl_typesupport_introspection_cpp.dir/rosidl_typesupport_introspection_cpp/turtlesim/srv/detail/teleport_absolute__type_support.cpp.o[0m
[3.602s] [ 32%] [32mBuilding CXX object CMakeFiles/turtlesim__rosidl_typesupport_introspection_cpp.dir/rosidl_typesupport_introspection_cpp/turtlesim/srv/detail/teleport_relative__type_support.cpp.o[0m
[3.607s] [ 33%] [32mBuilding CXX object CMakeFiles/turtlesim__rosidl_typesupport_c.dir/rosidl_typesupport_c/turtlesim/action/rotate_absolute__type_support.cpp.o[0m
[3.608s] [ 34%] [32mBuilding CXX object CMakeFiles/turtlesim__rosidl_typesupport_c.dir/rosidl_typesupport_c/turtlesim/msg/color__type_support.cpp.o[0m
[3.622s] [ 35%] [32mBuilding CXX object CMakeFiles/turtlesim__rosidl_typesupport_c.dir/rosidl_typesupport_c/turtlesim/msg/pose__type_support.cpp.o[0m
[3.629s] [ 36%] [32mBuilding CXX object CMakeFiles/turtlesim__rosidl_typesupport_c.dir/rosidl_typesupport_c/turtlesim/srv/kill__type_support.cpp.o[0m
[3.633s] [ 37%] [32mBuilding CXX object CMakeFiles/turtlesim__rosidl_typesupport_c.dir/rosidl_typesupport_c/turtlesim/srv/set_pen__type_support.cpp.o[0m
[3.634s] [35m[1mScanning dependencies of target turtlesim__rosidl_typesupport_fastrtps_cpp[0m
[3.647s] [ 38%] [32mBuilding CXX object CMakeFiles/turtlesim__rosidl_typesupport_c.dir/rosidl_typesupport_c/turtlesim/srv/spawn__type_support.cpp.o[0m
[3.652s] [ 39%] [32m[1mLinking CXX shared library libturtlesim__rosidl_typesupport_cpp.so[0m
[3.671s] [ 41%] [32mBuilding CXX object CMakeFiles/turtlesim__rosidl_typesupport_c.dir/rosidl_typesupport_c/turtlesim/srv/teleport_relative__type_support.cpp.o[0m
[3.672s] [ 41%] [32mBuilding CXX object CMakeFiles/turtlesim__rosidl_typesupport_c.dir/rosidl_typesupport_c/turtlesim/srv/teleport_absolute__type_support.cpp.o[0m
[3.680s] [ 42%] [32mBuilding CXX object CMakeFiles/turtlesim__rosidl_typesupport_fastrtps_cpp.dir/rosidl_typesupport_fastrtps_cpp/turtlesim/action/detail/dds_fastrtps/rotate_absolute__type_support.cpp.o[0m
[3.684s] [ 43%] [32mBuilding CXX object CMakeFiles/turtlesim__rosidl_typesupport_fastrtps_cpp.dir/rosidl_typesupport_fastrtps_cpp/turtlesim/msg/detail/dds_fastrtps/color__type_support.cpp.o[0m
[3.689s] [ 45%] [32mBuilding CXX object CMakeFiles/turtlesim__rosidl_typesupport_fastrtps_cpp.dir/rosidl_typesupport_fastrtps_cpp/turtlesim/msg/detail/dds_fastrtps/pose__type_support.cpp.o[0m
[3.690s] [ 45%] [32mBuilding CXX object CMakeFiles/turtlesim__rosidl_typesupport_fastrtps_cpp.dir/rosidl_typesupport_fastrtps_cpp/turtlesim/srv/detail/dds_fastrtps/kill__type_support.cpp.o[0m
[3.696s] [ 46%] [32mBuilding CXX object CMakeFiles/turtlesim__rosidl_typesupport_fastrtps_cpp.dir/rosidl_typesupport_fastrtps_cpp/turtlesim/srv/detail/dds_fastrtps/set_pen__type_support.cpp.o[0m
[3.702s] [ 47%] [32mBuilding CXX object CMakeFiles/turtlesim__rosidl_typesupport_fastrtps_cpp.dir/rosidl_typesupport_fastrtps_cpp/turtlesim/srv/detail/dds_fastrtps/spawn__type_support.cpp.o[0m
[3.709s] [ 48%] [32m[1mLinking CXX shared library libturtlesim__rosidl_typesupport_c.so[0m
[3.710s] [ 48%] Built target turtlesim__rosidl_typesupport_cpp
[3.724s] [ 50%] [32mBuilding CXX object CMakeFiles/turtlesim__rosidl_typesupport_fastrtps_cpp.dir/rosidl_typesupport_fastrtps_cpp/turtlesim/srv/detail/dds_fastrtps/teleport_absolute__type_support.cpp.o[0m
[3.725s] [ 50%] [32mBuilding CXX object CMakeFiles/turtlesim__rosidl_typesupport_fastrtps_cpp.dir/rosidl_typesupport_fastrtps_cpp/turtlesim/srv/detail/dds_fastrtps/teleport_relative__type_support.cpp.o[0m
[3.763s] [ 50%] Built target turtlesim__rosidl_typesupport_c
[3.809s] [35m[1mScanning dependencies of target turtlesim__rosidl_typesupport_introspection_c[0m
[3.828s] [ 54%] [32mBuilding C object CMakeFiles/turtlesim__rosidl_typesupport_introspection_c.dir/rosidl_typesupport_introspection_c/turtlesim/srv/detail/kill__type_support.c.o[0m
[3.828s] [ 54%] [32mBuilding C object CMakeFiles/turtlesim__rosidl_typesupport_introspection_c.dir/rosidl_typesupport_introspection_c/turtlesim/srv/detail/set_pen__type_support.c.o[0m
[3.828s] [ 54%] [32mBuilding C object CMakeFiles/turtlesim__rosidl_typesupport_introspection_c.dir/rosidl_typesupport_introspection_c/turtlesim/action/detail/rotate_absolute__type_support.c.o[0m
[3.828s] [ 54%] [32mBuilding C object CMakeFiles/turtlesim__rosidl_typesupport_introspection_c.dir/rosidl_typesupport_introspection_c/turtlesim/msg/detail/color__type_support.c.o[0m
[3.828s] [ 55%] [32mBuilding C object CMakeFiles/turtlesim__rosidl_typesupport_introspection_c.dir/rosidl_typesupport_introspection_c/turtlesim/msg/detail/pose__type_support.c.o[0m
[3.868s] [ 56%] [32mBuilding C object CMakeFiles/turtlesim__rosidl_typesupport_introspection_c.dir/rosidl_typesupport_introspection_c/turtlesim/srv/detail/teleport_absolute__type_support.c.o[0m
[3.869s] [ 57%] [32mBuilding C object CMakeFiles/turtlesim__rosidl_typesupport_introspection_c.dir/rosidl_typesupport_introspection_c/turtlesim/srv/detail/spawn__type_support.c.o[0m
[3.875s] [ 58%] [32mBuilding C object CMakeFiles/turtlesim__rosidl_typesupport_introspection_c.dir/rosidl_typesupport_introspection_c/turtlesim/srv/detail/teleport_relative__type_support.c.o[0m
[3.916s] [ 59%] [32m[1mLinking C shared library libturtlesim__rosidl_typesupport_introspection_c.so[0m
[3.943s] [ 59%] Built target turtlesim__rosidl_typesupport_introspection_c
[4.037s] [ 60%] [32m[1mLinking CXX shared library libturtlesim__rosidl_typesupport_introspection_cpp.so[0m
[4.099s] [ 60%] Built target turtlesim__rosidl_typesupport_introspection_cpp
[4.260s] [ 61%] [32m[1mLinking CXX shared library libturtlesim__rosidl_typesupport_fastrtps_cpp.so[0m
[4.320s] [ 61%] Built target turtlesim__rosidl_typesupport_fastrtps_cpp
[4.327s] [ 62%] [34m[1mGenerating C type support for eProsima Fast-RTPS[0m
[4.917s] [35m[1mScanning dependencies of target turtlesim__rosidl_typesupport_fastrtps_c[0m
[4.943s] [ 65%] [32mBuilding CXX object CMakeFiles/turtlesim__rosidl_typesupport_fastrtps_c.dir/rosidl_typesupport_fastrtps_c/turtlesim/msg/detail/pose__type_support_c.cpp.o[0m
[4.943s] [ 65%] [32mBuilding CXX object CMakeFiles/turtlesim__rosidl_typesupport_fastrtps_c.dir/rosidl_typesupport_fastrtps_c/turtlesim/srv/detail/kill__type_support_c.cpp.o[0m
[4.943s] [ 65%] [32mBuilding CXX object CMakeFiles/turtlesim__rosidl_typesupport_fastrtps_c.dir/rosidl_typesupport_fastrtps_c/turtlesim/msg/detail/color__type_support_c.cpp.o[0m
[4.943s] [ 66%] [32mBuilding CXX object CMakeFiles/turtlesim__rosidl_typesupport_fastrtps_c.dir/rosidl_typesupport_fastrtps_c/turtlesim/srv/detail/set_pen__type_support_c.cpp.o[0m
[4.943s] [ 67%] [32mBuilding CXX object CMakeFiles/turtlesim__rosidl_typesupport_fastrtps_c.dir/rosidl_typesupport_fastrtps_c/turtlesim/srv/detail/spawn__type_support_c.cpp.o[0m
[4.943s] [ 68%] [32mBuilding CXX object CMakeFiles/turtlesim__rosidl_typesupport_fastrtps_c.dir/rosidl_typesupport_fastrtps_c/turtlesim/srv/detail/teleport_relative__type_support_c.cpp.o[0m
[4.944s] [ 69%] [32mBuilding CXX object CMakeFiles/turtlesim__rosidl_typesupport_fastrtps_c.dir/rosidl_typesupport_fastrtps_c/turtlesim/action/detail/rotate_absolute__type_support_c.cpp.o[0m
[4.946s] [ 70%] [32mBuilding CXX object CMakeFiles/turtlesim__rosidl_typesupport_fastrtps_c.dir/rosidl_typesupport_fastrtps_c/turtlesim/srv/detail/teleport_absolute__type_support_c.cpp.o[0m
[5.265s] [ 71%] [32m[1mLinking CXX shared library libturtlesim__rosidl_typesupport_fastrtps_c.so[0m
[5.320s] [ 71%] Built target turtlesim__rosidl_typesupport_fastrtps_c
[5.326s] [35m[1mScanning dependencies of target turtlesim[0m
[5.332s] [ 71%] Built target turtlesim
[5.339s] [35m[1mScanning dependencies of target draw_square[0m
[5.340s] [35m[1mScanning dependencies of target mimic[0m
[5.340s] [ 72%] [34m[1mGenerating include/turtlesim/moc_turtle_frame.cpp[0m
[5.340s] [35m[1mScanning dependencies of target turtle_teleop_key[0m
[5.340s] [35m[1mScanning dependencies of target turtlesim__py[0m
[5.347s] [ 73%] [34m[1mGenerating Python code for ROS interfaces[0m
[5.380s] [ 76%] [32mBuilding CXX object CMakeFiles/turtle_teleop_key.dir/tutorials/teleop_turtle_key.cpp.o[0m
[5.380s] [ 76%] [32mBuilding CXX object CMakeFiles/mimic.dir/tutorials/mimic.cpp.o[0m
[5.380s] [ 76%] [32mBuilding CXX object CMakeFiles/draw_square.dir/tutorials/draw_square.cpp.o[0m
[5.404s] [35m[1mScanning dependencies of target turtlesim_node[0m
[5.467s] [ 78%] [32mBuilding CXX object CMakeFiles/turtlesim_node.dir/src/turtle.cpp.o[0m
[5.468s] [ 78%] [32mBuilding CXX object CMakeFiles/turtlesim_node.dir/src/turtle_frame.cpp.o[0m
[5.469s] [ 79%] [32mBuilding CXX object CMakeFiles/turtlesim_node.dir/src/turtlesim.cpp.o[0m
[5.470s] [ 80%] [32mBuilding CXX object CMakeFiles/turtlesim_node.dir/include/turtlesim/moc_turtle_frame.cpp.o[0m
[7.028s] [ 80%] Built target turtlesim__py
[7.036s] [35m[1mScanning dependencies of target turtlesim__python[0m
[7.079s] [ 83%] [32mBuilding C object CMakeFiles/turtlesim__python.dir/rosidl_generator_py/turtlesim/action/_rotate_absolute_s.c.o[0m
[7.079s] [ 83%] [32mBuilding C object CMakeFiles/turtlesim__python.dir/rosidl_generator_py/turtlesim/msg/_pose_s.c.o[0m
[7.079s] [ 84%] [32mBuilding C object CMakeFiles/turtlesim__python.dir/rosidl_generator_py/turtlesim/srv/_kill_s.c.o[0m
[7.079s] [ 83%] [32mBuilding C object CMakeFiles/turtlesim__python.dir/rosidl_generator_py/turtlesim/msg/_color_s.c.o[0m
[7.080s] [ 85%] [32mBuilding C object CMakeFiles/turtlesim__python.dir/rosidl_generator_py/turtlesim/srv/_set_pen_s.c.o[0m
[7.080s] [ 86%] [32mBuilding C object CMakeFiles/turtlesim__python.dir/rosidl_generator_py/turtlesim/srv/_teleport_absolute_s.c.o[0m
[7.080s] [ 87%] [32mBuilding C object CMakeFiles/turtlesim__python.dir/rosidl_generator_py/turtlesim/srv/_teleport_relative_s.c.o[0m
[7.082s] [ 88%] [32mBuilding C object CMakeFiles/turtlesim__python.dir/rosidl_generator_py/turtlesim/srv/_spawn_s.c.o[0m
[7.254s] [ 89%] [32m[1mLinking C shared library rosidl_generator_py/turtlesim/libturtlesim__python.so[0m
[7.292s] [ 89%] Built target turtlesim__python
[7.301s] [35m[1mScanning dependencies of target turtlesim__rosidl_typesupport_introspection_c__pyext[0m
[7.303s] [35m[1mScanning dependencies of target turtlesim__rosidl_typesupport_c__pyext[0m
[7.303s] [35m[1mScanning dependencies of target turtlesim__rosidl_typesupport_fastrtps_c__pyext[0m
[7.321s] [ 90%] [32mBuilding C object CMakeFiles/turtlesim__rosidl_typesupport_introspection_c__pyext.dir/rosidl_generator_py/turtlesim/_turtlesim_s.ep.rosidl_typesupport_introspection_c.c.o[0m
[7.328s] [ 91%] [32mBuilding C object CMakeFiles/turtlesim__rosidl_typesupport_c__pyext.dir/rosidl_generator_py/turtlesim/_turtlesim_s.ep.rosidl_typesupport_c.c.o[0m
[7.330s] [ 92%] [32mBuilding C object CMakeFiles/turtlesim__rosidl_typesupport_fastrtps_c__pyext.dir/rosidl_generator_py/turtlesim/_turtlesim_s.ep.rosidl_typesupport_fastrtps_c.c.o[0m
[7.447s] [ 93%] [32m[1mLinking C shared library rosidl_generator_py/turtlesim/turtlesim_s__rosidl_typesupport_introspection_c.cpython-38-x86_64-linux-gnu.so[0m
[7.480s] [ 93%] Built target turtlesim__rosidl_typesupport_introspection_c__pyext
[7.515s] [ 94%] [32m[1mLinking C shared library rosidl_generator_py/turtlesim/turtlesim_s__rosidl_typesupport_c.cpython-38-x86_64-linux-gnu.so[0m
[7.534s] [ 95%] [32m[1mLinking CXX shared library rosidl_generator_py/turtlesim/turtlesim_s__rosidl_typesupport_fastrtps_c.cpython-38-x86_64-linux-gnu.so[0m
[7.564s] [ 95%] Built target turtlesim__rosidl_typesupport_c__pyext
[7.593s] [ 95%] Built target turtlesim__rosidl_typesupport_fastrtps_c__pyext
[9.154s] [ 96%] [32m[1mLinking CXX executable turtle_teleop_key[0m
[9.321s] [ 96%] Built target turtle_teleop_key
[9.698s] [ 97%] [32m[1mLinking CXX executable mimic[0m
[9.868s] [ 97%] Built target mimic
[10.435s] [ 98%] [32m[1mLinking CXX executable draw_square[0m
[10.621s] [ 98%] Built target draw_square
[11.813s] [100%] [32m[1mLinking CXX executable turtlesim_node[0m
[12.725s] [100%] Built target turtlesim_node
[12.733s] Invoked command in '/home/pau24113/Documents/GitHub/IR2121/pau2_ws/build/turtlesim' returned '0': CMAKE_PREFIX_PATH=/opt/ros/foxy /usr/bin/cmake --build /home/pau24113/Documents/GitHub/IR2121/pau2_ws/build/turtlesim -- -j16 -l16
[12.825s] Invoking command in '/home/pau24113/Documents/GitHub/IR2121/pau2_ws/build/turtlesim': CMAKE_PREFIX_PATH=/opt/ros/foxy /usr/bin/cmake --install /home/pau24113/Documents/GitHub/IR2121/pau2_ws/build/turtlesim
[12.831s] -- Install configuration: ""
[12.831s] -- Installing: /home/pau24113/Documents/GitHub/IR2121/pau2_ws/install/turtlesim/share/ament_index/resource_index/rosidl_interfaces/turtlesim
[12.831s] -- Installing: /home/pau24113/Documents/GitHub/IR2121/pau2_ws/install/turtlesim/include/turtlesim
[12.831s] -- Installing: /home/pau24113/Documents/GitHub/IR2121/pau2_ws/install/turtlesim/include/turtlesim/msg
[12.831s] -- Installing: /home/pau24113/Documents/GitHub/IR2121/pau2_ws/install/turtlesim/include/turtlesim/msg/color.h
[12.831s] -- Installing: /home/pau24113/Documents/GitHub/IR2121/pau2_ws/install/turtlesim/include/turtlesim/msg/rosidl_generator_c__visibility_control.h
[12.831s] -- Installing: /home/pau24113/Documents/GitHub/IR2121/pau2_ws/install/turtlesim/include/turtlesim/msg/detail
[12.831s] -- Installing: /home/pau24113/Documents/GitHub/IR2121/pau2_ws/install/turtlesim/include/turtlesim/msg/detail/color__type_support.h
[12.832s] -- Installing: /home/pau24113/Documents/GitHub/IR2121/pau2_ws/install/turtlesim/include/turtlesim/msg/detail/pose__struct.h
[12.832s] -- Installing: /home/pau24113/Documents/GitHub/IR2121/pau2_ws/install/turtlesim/include/turtlesim/msg/detail/color__functions.c
[12.832s] -- Installing: /home/pau24113/Documents/GitHub/IR2121/pau2_ws/install/turtlesim/include/turtlesim/msg/detail/pose__functions.c
[12.832s] -- Installing: /home/pau24113/Documents/GitHub/IR2121/pau2_ws/install/turtlesim/include/turtlesim/msg/detail/pose__type_support.h
[12.832s] -- Installing: /home/pau24113/Documents/GitHub/IR2121/pau2_ws/install/turtlesim/include/turtlesim/msg/detail/color__functions.h
[12.832s] -- Installing: /home/pau24113/Documents/GitHub/IR2121/pau2_ws/install/turtlesim/include/turtlesim/msg/detail/color__struct.h
[12.832s] -- Installing: /home/pau24113/Documents/GitHub/IR2121/pau2_ws/install/turtlesim/include/turtlesim/msg/detail/pose__functions.h
[12.832s] -- Installing: /home/pau24113/Documents/GitHub/IR2121/pau2_ws/install/turtlesim/include/turtlesim/msg/pose.h
[12.832s] -- Installing: /home/pau24113/Documents/GitHub/IR2121/pau2_ws/install/turtlesim/include/turtlesim/action
[12.832s] -- Installing: /home/pau24113/Documents/GitHub/IR2121/pau2_ws/install/turtlesim/include/turtlesim/action/rotate_absolute.h
[12.832s] -- Installing: /home/pau24113/Documents/GitHub/IR2121/pau2_ws/install/turtlesim/include/turtlesim/action/detail
[12.832s] -- Installing: /home/pau24113/Documents/GitHub/IR2121/pau2_ws/install/turtlesim/include/turtlesim/action/detail/rotate_absolute__functions.c
[12.832s] -- Installing: /home/pau24113/Documents/GitHub/IR2121/pau2_ws/install/turtlesim/include/turtlesim/action/detail/rotate_absolute__type_support.h
[12.832s] -- Installing: /home/pau24113/Documents/GitHub/IR2121/pau2_ws/install/turtlesim/include/turtlesim/action/detail/rotate_absolute__functions.h
[12.832s] -- Installing: /home/pau24113/Documents/GitHub/IR2121/pau2_ws/install/turtlesim/include/turtlesim/action/detail/rotate_absolute__struct.h
[12.832s] -- Installing: /home/pau24113/Documents/GitHub/IR2121/pau2_ws/install/turtlesim/include/turtlesim/srv
[12.833s] -- Installing: /home/pau24113/Documents/GitHub/IR2121/pau2_ws/install/turtlesim/include/turtlesim/srv/kill.h
[12.833s] -- Installing: /home/pau24113/Documents/GitHub/IR2121/pau2_ws/install/turtlesim/include/turtlesim/srv/teleport_absolute.h
[12.833s] -- Installing: /home/pau24113/Documents/GitHub/IR2121/pau2_ws/install/turtlesim/include/turtlesim/srv/spawn.h
[12.833s] -- Installing: /home/pau24113/Documents/GitHub/IR2121/pau2_ws/install/turtlesim/include/turtlesim/srv/detail
[12.833s] -- Installing: /home/pau24113/Documents/GitHub/IR2121/pau2_ws/install/turtlesim/include/turtlesim/srv/detail/teleport_relative__type_support.h
[12.833s] -- Installing: /home/pau24113/Documents/GitHub/IR2121/pau2_ws/install/turtlesim/include/turtlesim/srv/detail/set_pen__type_support.h
[12.833s] -- Installing: /home/pau24113/Documents/GitHub/IR2121/pau2_ws/install/turtlesim/include/turtlesim/srv/detail/teleport_relative__struct.h
[12.833s] -- Installing: /home/pau24113/Documents/GitHub/IR2121/pau2_ws/install/turtlesim/include/turtlesim/srv/detail/spawn__type_support.h
[12.833s] -- Installing: /home/pau24113/Documents/GitHub/IR2121/pau2_ws/install/turtlesim/include/turtlesim/srv/detail/kill__functions.c
[12.833s] -- Installing: /home/pau24113/Documents/GitHub/IR2121/pau2_ws/install/turtlesim/include/turtlesim/srv/detail/spawn__functions.c
[12.833s] -- Installing: /home/pau24113/Documents/GitHub/IR2121/pau2_ws/install/turtlesim/include/turtlesim/srv/detail/spawn__functions.h
[12.833s] -- Installing: /home/pau24113/Documents/GitHub/IR2121/pau2_ws/install/turtlesim/include/turtlesim/srv/detail/kill__type_support.h
[12.833s] -- Installing: /home/pau24113/Documents/GitHub/IR2121/pau2_ws/install/turtlesim/include/turtlesim/srv/detail/spawn__struct.h
[12.833s] -- Installing: /home/pau24113/Documents/GitHub/IR2121/pau2_ws/install/turtlesim/include/turtlesim/srv/detail/teleport_relative__functions.h
[12.833s] -- Installing: /home/pau24113/Documents/GitHub/IR2121/pau2_ws/install/turtlesim/include/turtlesim/srv/detail/kill__functions.h
[12.833s] -- Installing: /home/pau24113/Documents/GitHub/IR2121/pau2_ws/install/turtlesim/include/turtlesim/srv/detail/teleport_absolute__functions.c
[12.833s] -- Installing: /home/pau24113/Documents/GitHub/IR2121/pau2_ws/install/turtlesim/include/turtlesim/srv/detail/teleport_absolute__functions.h
[12.833s] -- Installing: /home/pau24113/Documents/GitHub/IR2121/pau2_ws/install/turtlesim/include/turtlesim/srv/detail/teleport_absolute__struct.h
[12.833s] -- Installing: /home/pau24113/Documents/GitHub/IR2121/pau2_ws/install/turtlesim/include/turtlesim/srv/detail/teleport_absolute__type_support.h
[12.834s] -- Installing: /home/pau24113/Documents/GitHub/IR2121/pau2_ws/install/turtlesim/include/turtlesim/srv/detail/set_pen__struct.h
[12.834s] -- Installing: /home/pau24113/Documents/GitHub/IR2121/pau2_ws/install/turtlesim/include/turtlesim/srv/detail/set_pen__functions.h
[12.834s] -- Installing: /home/pau24113/Documents/GitHub/IR2121/pau2_ws/install/turtlesim/include/turtlesim/srv/detail/set_pen__functions.c
[12.834s] -- Installing: /home/pau24113/Documents/GitHub/IR2121/pau2_ws/install/turtlesim/include/turtlesim/srv/detail/kill__struct.h
[12.834s] -- Installing: /home/pau24113/Documents/GitHub/IR2121/pau2_ws/install/turtlesim/include/turtlesim/srv/detail/teleport_relative__functions.c
[12.834s] -- Installing: /home/pau24113/Documents/GitHub/IR2121/pau2_ws/install/turtlesim/include/turtlesim/srv/set_pen.h
[12.834s] -- Installing: /home/pau24113/Documents/GitHub/IR2121/pau2_ws/install/turtlesim/include/turtlesim/srv/teleport_relative.h
[12.834s] -- Installing: /home/pau24113/Documents/GitHub/IR2121/pau2_ws/install/turtlesim/share/turtlesim/environment/library_path.sh
[12.834s] -- Installing: /home/pau24113/Documents/GitHub/IR2121/pau2_ws/install/turtlesim/share/turtlesim/environment/library_path.dsv
[12.834s] -- Installing: /home/pau24113/Documents/GitHub/IR2121/pau2_ws/install/turtlesim/lib/libturtlesim__rosidl_generator_c.so
[12.834s] -- Set runtime path of "/home/pau24113/Documents/GitHub/IR2121/pau2_ws/install/turtlesim/lib/libturtlesim__rosidl_generator_c.so" to ""
[12.834s] -- Up-to-date: /home/pau24113/Documents/GitHub/IR2121/pau2_ws/install/turtlesim/include/turtlesim
[12.834s] -- Up-to-date: /home/pau24113/Documents/GitHub/IR2121/pau2_ws/install/turtlesim/include/turtlesim/msg
[12.834s] -- Up-to-date: /home/pau24113/Documents/GitHub/IR2121/pau2_ws/install/turtlesim/include/turtlesim/msg/detail
[12.834s] -- Installing: /home/pau24113/Documents/GitHub/IR2121/pau2_ws/install/turtlesim/include/turtlesim/msg/detail/pose__rosidl_typesupport_fastrtps_c.h
[12.834s] -- Installing: /home/pau24113/Documents/GitHub/IR2121/pau2_ws/install/turtlesim/include/turtlesim/msg/detail/color__rosidl_typesupport_fastrtps_c.h
[12.834s] -- Installing: /home/pau24113/Documents/GitHub/IR2121/pau2_ws/install/turtlesim/include/turtlesim/msg/rosidl_typesupport_fastrtps_c__visibility_control.h
[12.835s] -- Up-to-date: /home/pau24113/Documents/GitHub/IR2121/pau2_ws/install/turtlesim/include/turtlesim/action
[12.835s] -- Up-to-date: /home/pau24113/Documents/GitHub/IR2121/pau2_ws/install/turtlesim/include/turtlesim/action/detail
[12.835s] -- Installing: /home/pau24113/Documents/GitHub/IR2121/pau2_ws/install/turtlesim/include/turtlesim/action/detail/rotate_absolute__rosidl_typesupport_fastrtps_c.h
[12.835s] -- Up-to-date: /home/pau24113/Documents/GitHub/IR2121/pau2_ws/install/turtlesim/include/turtlesim/srv
[12.835s] -- Up-to-date: /home/pau24113/Documents/GitHub/IR2121/pau2_ws/install/turtlesim/include/turtlesim/srv/detail
[12.835s] -- Installing: /home/pau24113/Documents/GitHub/IR2121/pau2_ws/install/turtlesim/include/turtlesim/srv/detail/teleport_relative__rosidl_typesupport_fastrtps_c.h
[12.835s] -- Installing: /home/pau24113/Documents/GitHub/IR2121/pau2_ws/install/turtlesim/include/turtlesim/srv/detail/spawn__rosidl_typesupport_fastrtps_c.h
[12.835s] -- Installing: /home/pau24113/Documents/GitHub/IR2121/pau2_ws/install/turtlesim/include/turtlesim/srv/detail/kill__rosidl_typesupport_fastrtps_c.h
[12.835s] -- Installing: /home/pau24113/Documents/GitHub/IR2121/pau2_ws/install/turtlesim/include/turtlesim/srv/detail/teleport_absolute__rosidl_typesupport_fastrtps_c.h
[12.835s] -- Installing: /home/pau24113/Documents/GitHub/IR2121/pau2_ws/install/turtlesim/include/turtlesim/srv/detail/set_pen__rosidl_typesupport_fastrtps_c.h
[12.835s] -- Installing: /home/pau24113/Documents/GitHub/IR2121/pau2_ws/install/turtlesim/lib/libturtlesim__rosidl_typesupport_fastrtps_c.so
[12.835s] -- Set runtime path of "/home/pau24113/Documents/GitHub/IR2121/pau2_ws/install/turtlesim/lib/libturtlesim__rosidl_typesupport_fastrtps_c.so" to ""
[12.835s] -- Up-to-date: /home/pau24113/Documents/GitHub/IR2121/pau2_ws/install/turtlesim/include/turtlesim
[12.835s] -- Up-to-date: /home/pau24113/Documents/GitHub/IR2121/pau2_ws/install/turtlesim/include/turtlesim/msg
[12.835s] -- Installing: /home/pau24113/Documents/GitHub/IR2121/pau2_ws/install/turtlesim/include/turtlesim/msg/rosidl_typesupport_fastrtps_cpp__visibility_control.h
[12.835s] -- Up-to-date: /home/pau24113/Documents/GitHub/IR2121/pau2_ws/install/turtlesim/include/turtlesim/msg/detail
[12.835s] -- Installing: /home/pau24113/Documents/GitHub/IR2121/pau2_ws/install/turtlesim/include/turtlesim/msg/detail/pose__rosidl_typesupport_fastrtps_cpp.hpp
[12.835s] -- Installing: /home/pau24113/Documents/GitHub/IR2121/pau2_ws/install/turtlesim/include/turtlesim/msg/detail/dds_fastrtps
[12.835s] -- Installing: /home/pau24113/Documents/GitHub/IR2121/pau2_ws/install/turtlesim/include/turtlesim/msg/detail/color__rosidl_typesupport_fastrtps_cpp.hpp
[12.836s] -- Up-to-date: /home/pau24113/Documents/GitHub/IR2121/pau2_ws/install/turtlesim/include/turtlesim/action
[12.836s] -- Up-to-date: /home/pau24113/Documents/GitHub/IR2121/pau2_ws/install/turtlesim/include/turtlesim/action/detail
[12.836s] -- Installing: /home/pau24113/Documents/GitHub/IR2121/pau2_ws/install/turtlesim/include/turtlesim/action/detail/dds_fastrtps
[12.836s] -- Installing: /home/pau24113/Documents/GitHub/IR2121/pau2_ws/install/turtlesim/include/turtlesim/action/detail/rotate_absolute__rosidl_typesupport_fastrtps_cpp.hpp
[12.836s] -- Up-to-date: /home/pau24113/Documents/GitHub/IR2121/pau2_ws/install/turtlesim/include/turtlesim/srv
[12.836s] -- Up-to-date: /home/pau24113/Documents/GitHub/IR2121/pau2_ws/install/turtlesim/include/turtlesim/srv/detail
[12.836s] -- Installing: /home/pau24113/Documents/GitHub/IR2121/pau2_ws/install/turtlesim/include/turtlesim/srv/detail/teleport_relative__rosidl_typesupport_fastrtps_cpp.hpp
[12.836s] -- Installing: /home/pau24113/Documents/GitHub/IR2121/pau2_ws/install/turtlesim/include/turtlesim/srv/detail/set_pen__rosidl_typesupport_fastrtps_cpp.hpp
[12.836s] -- Installing: /home/pau24113/Documents/GitHub/IR2121/pau2_ws/install/turtlesim/include/turtlesim/srv/detail/dds_fastrtps
[12.836s] -- Installing: /home/pau24113/Documents/GitHub/IR2121/pau2_ws/install/turtlesim/include/turtlesim/srv/detail/kill__rosidl_typesupport_fastrtps_cpp.hpp
[12.836s] -- Installing: /home/pau24113/Documents/GitHub/IR2121/pau2_ws/install/turtlesim/include/turtlesim/srv/detail/teleport_absolute__rosidl_typesupport_fastrtps_cpp.hpp
[12.836s] -- Installing: /home/pau24113/Documents/GitHub/IR2121/pau2_ws/install/turtlesim/include/turtlesim/srv/detail/spawn__rosidl_typesupport_fastrtps_cpp.hpp
[12.836s] -- Installing: /home/pau24113/Documents/GitHub/IR2121/pau2_ws/install/turtlesim/lib/libturtlesim__rosidl_typesupport_fastrtps_cpp.so
[12.836s] -- Set runtime path of "/home/pau24113/Documents/GitHub/IR2121/pau2_ws/install/turtlesim/lib/libturtlesim__rosidl_typesupport_fastrtps_cpp.so" to ""
[12.836s] -- Up-to-date: /home/pau24113/Documents/GitHub/IR2121/pau2_ws/install/turtlesim/include/turtlesim
[12.836s] -- Up-to-date: /home/pau24113/Documents/GitHub/IR2121/pau2_ws/install/turtlesim/include/turtlesim/msg
[12.836s] -- Installing: /home/pau24113/Documents/GitHub/IR2121/pau2_ws/install/turtlesim/include/turtlesim/msg/rosidl_typesupport_introspection_c__visibility_control.h
[12.837s] -- Up-to-date: /home/pau24113/Documents/GitHub/IR2121/pau2_ws/install/turtlesim/include/turtlesim/msg/detail
[12.837s] -- Installing: /home/pau24113/Documents/GitHub/IR2121/pau2_ws/install/turtlesim/include/turtlesim/msg/detail/color__rosidl_typesupport_introspection_c.h
[12.837s] -- Installing: /home/pau24113/Documents/GitHub/IR2121/pau2_ws/install/turtlesim/include/turtlesim/msg/detail/pose__type_support.c
[12.837s] -- Installing: /home/pau24113/Documents/GitHub/IR2121/pau2_ws/install/turtlesim/include/turtlesim/msg/detail/color__type_support.c
[12.837s] -- Installing: /home/pau24113/Documents/GitHub/IR2121/pau2_ws/install/turtlesim/include/turtlesim/msg/detail/pose__rosidl_typesupport_introspection_c.h
[12.837s] -- Up-to-date: /home/pau24113/Documents/GitHub/IR2121/pau2_ws/install/turtlesim/include/turtlesim/action
[12.837s] -- Up-to-date: /home/pau24113/Documents/GitHub/IR2121/pau2_ws/install/turtlesim/include/turtlesim/action/detail
[12.837s] -- Installing: /home/pau24113/Documents/GitHub/IR2121/pau2_ws/install/turtlesim/include/turtlesim/action/detail/rotate_absolute__type_support.c
[12.837s] -- Installing: /home/pau24113/Documents/GitHub/IR2121/pau2_ws/install/turtlesim/include/turtlesim/action/detail/rotate_absolute__rosidl_typesupport_introspection_c.h
[12.837s] -- Up-to-date: /home/pau24113/Documents/GitHub/IR2121/pau2_ws/install/turtlesim/include/turtlesim/srv
[12.837s] -- Up-to-date: /home/pau24113/Documents/GitHub/IR2121/pau2_ws/install/turtlesim/include/turtlesim/srv/detail
[12.837s] -- Installing: /home/pau24113/Documents/GitHub/IR2121/pau2_ws/install/turtlesim/include/turtlesim/srv/detail/spawn__rosidl_typesupport_introspection_c.h
[12.837s] -- Installing: /home/pau24113/Documents/GitHub/IR2121/pau2_ws/install/turtlesim/include/turtlesim/srv/detail/teleport_relative__type_support.c
[12.837s] -- Installing: /home/pau24113/Documents/GitHub/IR2121/pau2_ws/install/turtlesim/include/turtlesim/srv/detail/kill__type_support.c
[12.837s] -- Installing: /home/pau24113/Documents/GitHub/IR2121/pau2_ws/install/turtlesim/include/turtlesim/srv/detail/teleport_absolute__rosidl_typesupport_introspection_c.h
[12.837s] -- Installing: /home/pau24113/Documents/GitHub/IR2121/pau2_ws/install/turtlesim/include/turtlesim/srv/detail/teleport_absolute__type_support.c
[12.837s] -- Installing: /home/pau24113/Documents/GitHub/IR2121/pau2_ws/install/turtlesim/include/turtlesim/srv/detail/kill__rosidl_typesupport_introspection_c.h
[12.837s] -- Installing: /home/pau24113/Documents/GitHub/IR2121/pau2_ws/install/turtlesim/include/turtlesim/srv/detail/set_pen__rosidl_typesupport_introspection_c.h
[12.838s] -- Installing: /home/pau24113/Documents/GitHub/IR2121/pau2_ws/install/turtlesim/include/turtlesim/srv/detail/set_pen__type_support.c
[12.838s] -- Installing: /home/pau24113/Documents/GitHub/IR2121/pau2_ws/install/turtlesim/include/turtlesim/srv/detail/teleport_relative__rosidl_typesupport_introspection_c.h
[12.838s] -- Installing: /home/pau24113/Documents/GitHub/IR2121/pau2_ws/install/turtlesim/include/turtlesim/srv/detail/spawn__type_support.c
[12.838s] -- Installing: /home/pau24113/Documents/GitHub/IR2121/pau2_ws/install/turtlesim/lib/libturtlesim__rosidl_typesupport_introspection_c.so
[12.838s] -- Set runtime path of "/home/pau24113/Documents/GitHub/IR2121/pau2_ws/install/turtlesim/lib/libturtlesim__rosidl_typesupport_introspection_c.so" to ""
[12.838s] -- Installing: /home/pau24113/Documents/GitHub/IR2121/pau2_ws/install/turtlesim/lib/libturtlesim__rosidl_typesupport_c.so
[12.838s] -- Set runtime path of "/home/pau24113/Documents/GitHub/IR2121/pau2_ws/install/turtlesim/lib/libturtlesim__rosidl_typesupport_c.so" to ""
[12.838s] -- Up-to-date: /home/pau24113/Documents/GitHub/IR2121/pau2_ws/install/turtlesim/include/turtlesim
[12.838s] -- Up-to-date: /home/pau24113/Documents/GitHub/IR2121/pau2_ws/install/turtlesim/include/turtlesim/msg
[12.838s] -- Installing: /home/pau24113/Documents/GitHub/IR2121/pau2_ws/install/turtlesim/include/turtlesim/msg/rosidl_generator_cpp__visibility_control.hpp
[12.838s] -- Installing: /home/pau24113/Documents/GitHub/IR2121/pau2_ws/install/turtlesim/include/turtlesim/msg/color.hpp
[12.838s] -- Up-to-date: /home/pau24113/Documents/GitHub/IR2121/pau2_ws/install/turtlesim/include/turtlesim/msg/detail
[12.838s] -- Installing: /home/pau24113/Documents/GitHub/IR2121/pau2_ws/install/turtlesim/include/turtlesim/msg/detail/color__struct.hpp
[12.838s] -- Installing: /home/pau24113/Documents/GitHub/IR2121/pau2_ws/install/turtlesim/include/turtlesim/msg/detail/pose__traits.hpp
[12.838s] -- Installing: /home/pau24113/Documents/GitHub/IR2121/pau2_ws/install/turtlesim/include/turtlesim/msg/detail/color__type_support.hpp
[12.838s] -- Installing: /home/pau24113/Documents/GitHub/IR2121/pau2_ws/install/turtlesim/include/turtlesim/msg/detail/pose__type_support.hpp
[12.839s] -- Installing: /home/pau24113/Documents/GitHub/IR2121/pau2_ws/install/turtlesim/include/turtlesim/msg/detail/color__builder.hpp
[12.839s] -- Installing: /home/pau24113/Documents/GitHub/IR2121/pau2_ws/install/turtlesim/include/turtlesim/msg/detail/pose__builder.hpp
[12.839s] -- Installing: /home/pau24113/Documents/GitHub/IR2121/pau2_ws/install/turtlesim/include/turtlesim/msg/detail/pose__struct.hpp
[12.839s] -- Installing: /home/pau24113/Documents/GitHub/IR2121/pau2_ws/install/turtlesim/include/turtlesim/msg/detail/color__traits.hpp
[12.839s] -- Installing: /home/pau24113/Documents/GitHub/IR2121/pau2_ws/install/turtlesim/include/turtlesim/msg/pose.hpp
[12.839s] -- Up-to-date: /home/pau24113/Documents/GitHub/IR2121/pau2_ws/install/turtlesim/include/turtlesim/action
[12.839s] -- Installing: /home/pau24113/Documents/GitHub/IR2121/pau2_ws/install/turtlesim/include/turtlesim/action/rotate_absolute.hpp
[12.839s] -- Up-to-date: /home/pau24113/Documents/GitHub/IR2121/pau2_ws/install/turtlesim/include/turtlesim/action/detail
[12.839s] -- Installing: /home/pau24113/Documents/GitHub/IR2121/pau2_ws/install/turtlesim/include/turtlesim/action/detail/rotate_absolute__traits.hpp
[12.839s] -- Installing: /home/pau24113/Documents/GitHub/IR2121/pau2_ws/install/turtlesim/include/turtlesim/action/detail/rotate_absolute__builder.hpp
[12.839s] -- Installing: /home/pau24113/Documents/GitHub/IR2121/pau2_ws/install/turtlesim/include/turtlesim/action/detail/rotate_absolute__struct.hpp
[12.839s] -- Installing: /home/pau24113/Documents/GitHub/IR2121/pau2_ws/install/turtlesim/include/turtlesim/action/detail/rotate_absolute__type_support.hpp
[12.839s] -- Up-to-date: /home/pau24113/Documents/GitHub/IR2121/pau2_ws/install/turtlesim/include/turtlesim/srv
[12.839s] -- Installing: /home/pau24113/Documents/GitHub/IR2121/pau2_ws/install/turtlesim/include/turtlesim/srv/teleport_relative.hpp
[12.839s] -- Installing: /home/pau24113/Documents/GitHub/IR2121/pau2_ws/install/turtlesim/include/turtlesim/srv/spawn.hpp
[12.839s] -- Installing: /home/pau24113/Documents/GitHub/IR2121/pau2_ws/install/turtlesim/include/turtlesim/srv/kill.hpp
[12.840s] -- Installing: /home/pau24113/Documents/GitHub/IR2121/pau2_ws/install/turtlesim/include/turtlesim/srv/teleport_absolute.hpp
[12.840s] -- Up-to-date: /home/pau24113/Documents/GitHub/IR2121/pau2_ws/install/turtlesim/include/turtlesim/srv/detail
[12.840s] -- Installing: /home/pau24113/Documents/GitHub/IR2121/pau2_ws/install/turtlesim/include/turtlesim/srv/detail/teleport_relative__builder.hpp
[12.840s] -- Installing: /home/pau24113/Documents/GitHub/IR2121/pau2_ws/install/turtlesim/include/turtlesim/srv/detail/kill__type_support.hpp
[12.840s] -- Installing: /home/pau24113/Documents/GitHub/IR2121/pau2_ws/install/turtlesim/include/turtlesim/srv/detail/teleport_relative__struct.hpp
[12.840s] -- Installing: /home/pau24113/Documents/GitHub/IR2121/pau2_ws/install/turtlesim/include/turtlesim/srv/detail/teleport_relative__type_support.hpp
[12.840s] -- Installing: /home/pau24113/Documents/GitHub/IR2121/pau2_ws/install/turtlesim/include/turtlesim/srv/detail/kill__traits.hpp
[12.840s] -- Installing: /home/pau24113/Documents/GitHub/IR2121/pau2_ws/install/turtlesim/include/turtlesim/srv/detail/teleport_absolute__struct.hpp
[12.840s] -- Installing: /home/pau24113/Documents/GitHub/IR2121/pau2_ws/install/turtlesim/include/turtlesim/srv/detail/spawn__type_support.hpp
[12.840s] -- Installing: /home/pau24113/Documents/GitHub/IR2121/pau2_ws/install/turtlesim/include/turtlesim/srv/detail/kill__builder.hpp
[12.840s] -- Installing: /home/pau24113/Documents/GitHub/IR2121/pau2_ws/install/turtlesim/include/turtlesim/srv/detail/teleport_absolute__traits.hpp
[12.840s] -- Installing: /home/pau24113/Documents/GitHub/IR2121/pau2_ws/install/turtlesim/include/turtlesim/srv/detail/spawn__builder.hpp
[12.840s] -- Installing: /home/pau24113/Documents/GitHub/IR2121/pau2_ws/install/turtlesim/include/turtlesim/srv/detail/set_pen__struct.hpp
[12.840s] -- Installing: /home/pau24113/Documents/GitHub/IR2121/pau2_ws/install/turtlesim/include/turtlesim/srv/detail/spawn__traits.hpp
[12.840s] -- Installing: /home/pau24113/Documents/GitHub/IR2121/pau2_ws/install/turtlesim/include/turtlesim/srv/detail/set_pen__builder.hpp
[12.840s] -- Installing: /home/pau24113/Documents/GitHub/IR2121/pau2_ws/install/turtlesim/include/turtlesim/srv/detail/set_pen__type_support.hpp
[12.841s] -- Installing: /home/pau24113/Documents/GitHub/IR2121/pau2_ws/install/turtlesim/include/turtlesim/srv/detail/teleport_relative__traits.hpp
[12.841s] -- Installing: /home/pau24113/Documents/GitHub/IR2121/pau2_ws/install/turtlesim/include/turtlesim/srv/detail/teleport_absolute__type_support.hpp
[12.841s] -- Installing: /home/pau24113/Documents/GitHub/IR2121/pau2_ws/install/turtlesim/include/turtlesim/srv/detail/set_pen__traits.hpp
[12.841s] -- Installing: /home/pau24113/Documents/GitHub/IR2121/pau2_ws/install/turtlesim/include/turtlesim/srv/detail/teleport_absolute__builder.hpp
[12.841s] -- Installing: /home/pau24113/Documents/GitHub/IR2121/pau2_ws/install/turtlesim/include/turtlesim/srv/detail/spawn__struct.hpp
[12.841s] -- Installing: /home/pau24113/Documents/GitHub/IR2121/pau2_ws/install/turtlesim/include/turtlesim/srv/detail/kill__struct.hpp
[12.841s] -- Installing: /home/pau24113/Documents/GitHub/IR2121/pau2_ws/install/turtlesim/include/turtlesim/srv/set_pen.hpp
[12.841s] -- Up-to-date: /home/pau24113/Documents/GitHub/IR2121/pau2_ws/install/turtlesim/include/turtlesim
[12.841s] -- Up-to-date: /home/pau24113/Documents/GitHub/IR2121/pau2_ws/install/turtlesim/include/turtlesim/msg
[12.841s] -- Up-to-date: /home/pau24113/Documents/GitHub/IR2121/pau2_ws/install/turtlesim/include/turtlesim/msg/detail
[12.841s] -- Installing: /home/pau24113/Documents/GitHub/IR2121/pau2_ws/install/turtlesim/include/turtlesim/msg/detail/color__type_support.cpp
[12.841s] -- Installing: /home/pau24113/Documents/GitHub/IR2121/pau2_ws/install/turtlesim/include/turtlesim/msg/detail/color__rosidl_typesupport_introspection_cpp.hpp
[12.841s] -- Installing: /home/pau24113/Documents/GitHub/IR2121/pau2_ws/install/turtlesim/include/turtlesim/msg/detail/pose__type_support.cpp
[12.841s] -- Installing: /home/pau24113/Documents/GitHub/IR2121/pau2_ws/install/turtlesim/include/turtlesim/msg/detail/pose__rosidl_typesupport_introspection_cpp.hpp
[12.841s] -- Up-to-date: /home/pau24113/Documents/GitHub/IR2121/pau2_ws/install/turtlesim/include/turtlesim/action
[12.841s] -- Up-to-date: /home/pau24113/Documents/GitHub/IR2121/pau2_ws/install/turtlesim/include/turtlesim/action/detail
[12.841s] -- Installing: /home/pau24113/Documents/GitHub/IR2121/pau2_ws/install/turtlesim/include/turtlesim/action/detail/rotate_absolute__rosidl_typesupport_introspection_cpp.hpp
[12.841s] -- Installing: /home/pau24113/Documents/GitHub/IR2121/pau2_ws/install/turtlesim/include/turtlesim/action/detail/rotate_absolute__type_support.cpp
[12.841s] -- Up-to-date: /home/pau24113/Documents/GitHub/IR2121/pau2_ws/install/turtlesim/include/turtlesim/srv
[12.842s] -- Up-to-date: /home/pau24113/Documents/GitHub/IR2121/pau2_ws/install/turtlesim/include/turtlesim/srv/detail
[12.842s] -- Installing: /home/pau24113/Documents/GitHub/IR2121/pau2_ws/install/turtlesim/include/turtlesim/srv/detail/set_pen__type_support.cpp
[12.842s] -- Installing: /home/pau24113/Documents/GitHub/IR2121/pau2_ws/install/turtlesim/include/turtlesim/srv/detail/spawn__rosidl_typesupport_introspection_cpp.hpp
[12.842s] -- Installing: /home/pau24113/Documents/GitHub/IR2121/pau2_ws/install/turtlesim/include/turtlesim/srv/detail/kill__type_support.cpp
[12.842s] -- Installing: /home/pau24113/Documents/GitHub/IR2121/pau2_ws/install/turtlesim/include/turtlesim/srv/detail/teleport_absolute__type_support.cpp
[12.842s] -- Installing: /home/pau24113/Documents/GitHub/IR2121/pau2_ws/install/turtlesim/include/turtlesim/srv/detail/teleport_relative__type_support.cpp
[12.842s] -- Installing: /home/pau24113/Documents/GitHub/IR2121/pau2_ws/install/turtlesim/include/turtlesim/srv/detail/spawn__type_support.cpp
[12.842s] -- Installing: /home/pau24113/Documents/GitHub/IR2121/pau2_ws/install/turtlesim/include/turtlesim/srv/detail/teleport_relative__rosidl_typesupport_introspection_cpp.hpp
[12.842s] -- Installing: /home/pau24113/Documents/GitHub/IR2121/pau2_ws/install/turtlesim/include/turtlesim/srv/detail/set_pen__rosidl_typesupport_introspection_cpp.hpp
[12.842s] -- Installing: /home/pau24113/Documents/GitHub/IR2121/pau2_ws/install/turtlesim/include/turtlesim/srv/detail/kill__rosidl_typesupport_introspection_cpp.hpp
[12.842s] -- Installing: /home/pau24113/Documents/GitHub/IR2121/pau2_ws/install/turtlesim/include/turtlesim/srv/detail/teleport_absolute__rosidl_typesupport_introspection_cpp.hpp
[12.842s] -- Installing: /home/pau24113/Documents/GitHub/IR2121/pau2_ws/install/turtlesim/lib/libturtlesim__rosidl_typesupport_introspection_cpp.so
[12.842s] -- Set runtime path of "/home/pau24113/Documents/GitHub/IR2121/pau2_ws/install/turtlesim/lib/libturtlesim__rosidl_typesupport_introspection_cpp.so" to ""
[12.842s] -- Installing: /home/pau24113/Documents/GitHub/IR2121/pau2_ws/install/turtlesim/lib/libturtlesim__rosidl_typesupport_cpp.so
[12.842s] -- Set runtime path of "/home/pau24113/Documents/GitHub/IR2121/pau2_ws/install/turtlesim/lib/libturtlesim__rosidl_typesupport_cpp.so" to ""
[12.842s] -- Installing: /home/pau24113/Documents/GitHub/IR2121/pau2_ws/install/turtlesim/share/turtlesim/environment/pythonpath.sh
[12.843s] -- Installing: /home/pau24113/Documents/GitHub/IR2121/pau2_ws/install/turtlesim/share/turtlesim/environment/pythonpath.dsv
[12.843s] -- Installing: /home/pau24113/Documents/GitHub/IR2121/pau2_ws/install/turtlesim/lib/python3.8/site-packages/turtlesim/__init__.py
[12.866s] Compiling '/home/pau24113/Documents/GitHub/IR2121/pau2_ws/install/turtlesim/lib/python3.8/site-packages/turtlesim/__init__.py'...
[12.869s] -- Installing: /home/pau24113/Documents/GitHub/IR2121/pau2_ws/install/turtlesim/lib/python3.8/site-packages/turtlesim/action
[12.869s] -- Installing: /home/pau24113/Documents/GitHub/IR2121/pau2_ws/install/turtlesim/lib/python3.8/site-packages/turtlesim/action/_rotate_absolute_s.c
[12.869s] -- Installing: /home/pau24113/Documents/GitHub/IR2121/pau2_ws/install/turtlesim/lib/python3.8/site-packages/turtlesim/action/__init__.py
[12.869s] -- Installing: /home/pau24113/Documents/GitHub/IR2121/pau2_ws/install/turtlesim/lib/python3.8/site-packages/turtlesim/action/_rotate_absolute.py
[12.869s] -- Installing: /home/pau24113/Documents/GitHub/IR2121/pau2_ws/install/turtlesim/lib/python3.8/site-packages/turtlesim/msg
[12.869s] -- Installing: /home/pau24113/Documents/GitHub/IR2121/pau2_ws/install/turtlesim/lib/python3.8/site-packages/turtlesim/msg/_color.py
[12.870s] -- Installing: /home/pau24113/Documents/GitHub/IR2121/pau2_ws/install/turtlesim/lib/python3.8/site-packages/turtlesim/msg/__init__.py
[12.870s] -- Installing: /home/pau24113/Documents/GitHub/IR2121/pau2_ws/install/turtlesim/lib/python3.8/site-packages/turtlesim/msg/_pose_s.c
[12.870s] -- Installing: /home/pau24113/Documents/GitHub/IR2121/pau2_ws/install/turtlesim/lib/python3.8/site-packages/turtlesim/msg/_pose.py
[12.870s] -- Installing: /home/pau24113/Documents/GitHub/IR2121/pau2_ws/install/turtlesim/lib/python3.8/site-packages/turtlesim/msg/_color_s.c
[12.870s] -- Installing: /home/pau24113/Documents/GitHub/IR2121/pau2_ws/install/turtlesim/lib/python3.8/site-packages/turtlesim/srv
[12.870s] -- Installing: /home/pau24113/Documents/GitHub/IR2121/pau2_ws/install/turtlesim/lib/python3.8/site-packages/turtlesim/srv/_teleport_relative_s.c
[12.870s] -- Installing: /home/pau24113/Documents/GitHub/IR2121/pau2_ws/install/turtlesim/lib/python3.8/site-packages/turtlesim/srv/_teleport_absolute_s.c
[12.870s] -- Installing: /home/pau24113/Documents/GitHub/IR2121/pau2_ws/install/turtlesim/lib/python3.8/site-packages/turtlesim/srv/_teleport_relative.py
[12.870s] -- Installing: /home/pau24113/Documents/GitHub/IR2121/pau2_ws/install/turtlesim/lib/python3.8/site-packages/turtlesim/srv/_kill.py
[12.870s] -- Installing: /home/pau24113/Documents/GitHub/IR2121/pau2_ws/install/turtlesim/lib/python3.8/site-packages/turtlesim/srv/_set_pen_s.c
[12.870s] -- Installing: /home/pau24113/Documents/GitHub/IR2121/pau2_ws/install/turtlesim/lib/python3.8/site-packages/turtlesim/srv/_set_pen.py
[12.870s] -- Installing: /home/pau24113/Documents/GitHub/IR2121/pau2_ws/install/turtlesim/lib/python3.8/site-packages/turtlesim/srv/__init__.py
[12.870s] -- Installing: /home/pau24113/Documents/GitHub/IR2121/pau2_ws/install/turtlesim/lib/python3.8/site-packages/turtlesim/srv/_kill_s.c
[12.870s] -- Installing: /home/pau24113/Documents/GitHub/IR2121/pau2_ws/install/turtlesim/lib/python3.8/site-packages/turtlesim/srv/_spawn.py
[12.870s] -- Installing: /home/pau24113/Documents/GitHub/IR2121/pau2_ws/install/turtlesim/lib/python3.8/site-packages/turtlesim/srv/_teleport_absolute.py
[12.870s] -- Installing: /home/pau24113/Documents/GitHub/IR2121/pau2_ws/install/turtlesim/lib/python3.8/site-packages/turtlesim/srv/_spawn_s.c
[12.871s] -- Installing: /home/pau24113/Documents/GitHub/IR2121/pau2_ws/install/turtlesim/lib/python3.8/site-packages/turtlesim/turtlesim_s__rosidl_typesupport_fastrtps_c.cpython-38-x86_64-linux-gnu.so
[12.871s] -- Set runtime path of "/home/pau24113/Documents/GitHub/IR2121/pau2_ws/install/turtlesim/lib/python3.8/site-packages/turtlesim/turtlesim_s__rosidl_typesupport_fastrtps_c.cpython-38-x86_64-linux-gnu.so" to ""
[12.871s] -- Installing: /home/pau24113/Documents/GitHub/IR2121/pau2_ws/install/turtlesim/lib/python3.8/site-packages/turtlesim/turtlesim_s__rosidl_typesupport_introspection_c.cpython-38-x86_64-linux-gnu.so
[12.871s] -- Set runtime path of "/home/pau24113/Documents/GitHub/IR2121/pau2_ws/install/turtlesim/lib/python3.8/site-packages/turtlesim/turtlesim_s__rosidl_typesupport_introspection_c.cpython-38-x86_64-linux-gnu.so" to ""
[12.871s] -- Installing: /home/pau24113/Documents/GitHub/IR2121/pau2_ws/install/turtlesim/lib/python3.8/site-packages/turtlesim/turtlesim_s__rosidl_typesupport_c.cpython-38-x86_64-linux-gnu.so
[12.872s] -- Set runtime path of "/home/pau24113/Documents/GitHub/IR2121/pau2_ws/install/turtlesim/lib/python3.8/site-packages/turtlesim/turtlesim_s__rosidl_typesupport_c.cpython-38-x86_64-linux-gnu.so" to ""
[12.872s] -- Installing: /home/pau24113/Documents/GitHub/IR2121/pau2_ws/install/turtlesim/lib/libturtlesim__python.so
[12.872s] -- Set runtime path of "/home/pau24113/Documents/GitHub/IR2121/pau2_ws/install/turtlesim/lib/libturtlesim__python.so" to ""
[12.872s] -- Installing: /home/pau24113/Documents/GitHub/IR2121/pau2_ws/install/turtlesim/share/turtlesim/action/RotateAbsolute.idl
[12.872s] -- Installing: /home/pau24113/Documents/GitHub/IR2121/pau2_ws/install/turtlesim/share/turtlesim/msg/Color.idl
[12.872s] -- Installing: /home/pau24113/Documents/GitHub/IR2121/pau2_ws/install/turtlesim/share/turtlesim/msg/Pose.idl
[12.872s] -- Installing: /home/pau24113/Documents/GitHub/IR2121/pau2_ws/install/turtlesim/share/turtlesim/srv/Kill.idl
[12.872s] -- Installing: /home/pau24113/Documents/GitHub/IR2121/pau2_ws/install/turtlesim/share/turtlesim/srv/SetPen.idl
[12.873s] -- Installing: /home/pau24113/Documents/GitHub/IR2121/pau2_ws/install/turtlesim/share/turtlesim/srv/Spawn.idl
[12.873s] -- Installing: /home/pau24113/Documents/GitHub/IR2121/pau2_ws/install/turtlesim/share/turtlesim/srv/TeleportAbsolute.idl
[12.873s] -- Installing: /home/pau24113/Documents/GitHub/IR2121/pau2_ws/install/turtlesim/share/turtlesim/srv/TeleportRelative.idl
[12.873s] -- Installing: /home/pau24113/Documents/GitHub/IR2121/pau2_ws/install/turtlesim/share/turtlesim/action/RotateAbsolute.action
[12.873s] -- Installing: /home/pau24113/Documents/GitHub/IR2121/pau2_ws/install/turtlesim/share/turtlesim/msg/Color.msg
[12.873s] -- Installing: /home/pau24113/Documents/GitHub/IR2121/pau2_ws/install/turtlesim/share/turtlesim/msg/Pose.msg
[12.873s] -- Installing: /home/pau24113/Documents/GitHub/IR2121/pau2_ws/install/turtlesim/share/turtlesim/srv/Kill.srv
[12.873s] -- Installing: /home/pau24113/Documents/GitHub/IR2121/pau2_ws/install/turtlesim/share/turtlesim/srv/Kill_Request.msg
[12.873s] -- Installing: /home/pau24113/Documents/GitHub/IR2121/pau2_ws/install/turtlesim/share/turtlesim/srv/Kill_Response.msg
[12.873s] -- Installing: /home/pau24113/Documents/GitHub/IR2121/pau2_ws/install/turtlesim/share/turtlesim/srv/SetPen.srv
[12.873s] -- Installing: /home/pau24113/Documents/GitHub/IR2121/pau2_ws/install/turtlesim/share/turtlesim/srv/SetPen_Request.msg
[12.873s] -- Installing: /home/pau24113/Documents/GitHub/IR2121/pau2_ws/install/turtlesim/share/turtlesim/srv/SetPen_Response.msg
[12.873s] -- Installing: /home/pau24113/Documents/GitHub/IR2121/pau2_ws/install/turtlesim/share/turtlesim/srv/Spawn.srv
[12.874s] -- Installing: /home/pau24113/Documents/GitHub/IR2121/pau2_ws/install/turtlesim/share/turtlesim/srv/Spawn_Request.msg
[12.874s] -- Installing: /home/pau24113/Documents/GitHub/IR2121/pau2_ws/install/turtlesim/share/turtlesim/srv/Spawn_Response.msg
[12.874s] -- Installing: /home/pau24113/Documents/GitHub/IR2121/pau2_ws/install/turtlesim/share/turtlesim/srv/TeleportAbsolute.srv
[12.874s] -- Installing: /home/pau24113/Documents/GitHub/IR2121/pau2_ws/install/turtlesim/share/turtlesim/srv/TeleportAbsolute_Request.msg
[12.874s] -- Installing: /home/pau24113/Documents/GitHub/IR2121/pau2_ws/install/turtlesim/share/turtlesim/srv/TeleportAbsolute_Response.msg
[12.874s] -- Installing: /home/pau24113/Documents/GitHub/IR2121/pau2_ws/install/turtlesim/share/turtlesim/srv/TeleportRelative.srv
[12.874s] -- Installing: /home/pau24113/Documents/GitHub/IR2121/pau2_ws/install/turtlesim/share/turtlesim/srv/TeleportRelative_Request.msg
[12.874s] -- Installing: /home/pau24113/Documents/GitHub/IR2121/pau2_ws/install/turtlesim/share/turtlesim/srv/TeleportRelative_Response.msg
[12.875s] -- Installing: /home/pau24113/Documents/GitHub/IR2121/pau2_ws/install/turtlesim/lib/turtlesim/turtlesim_node
[12.877s] -- Set runtime path of "/home/pau24113/Documents/GitHub/IR2121/pau2_ws/install/turtlesim/lib/turtlesim/turtlesim_node" to ""
[12.877s] -- Installing: /home/pau24113/Documents/GitHub/IR2121/pau2_ws/install/turtlesim/lib/turtlesim/turtle_teleop_key
[12.878s] -- Set runtime path of "/home/pau24113/Documents/GitHub/IR2121/pau2_ws/install/turtlesim/lib/turtlesim/turtle_teleop_key" to ""
[12.878s] -- Installing: /home/pau24113/Documents/GitHub/IR2121/pau2_ws/install/turtlesim/lib/turtlesim/draw_square
[12.879s] -- Set runtime path of "/home/pau24113/Documents/GitHub/IR2121/pau2_ws/install/turtlesim/lib/turtlesim/draw_square" to ""
[12.879s] -- Installing: /home/pau24113/Documents/GitHub/IR2121/pau2_ws/install/turtlesim/lib/turtlesim/mimic
[12.880s] -- Set runtime path of "/home/pau24113/Documents/GitHub/IR2121/pau2_ws/install/turtlesim/lib/turtlesim/mimic" to ""
[12.880s] -- Installing: /home/pau24113/Documents/GitHub/IR2121/pau2_ws/install/turtlesim/share/turtlesim/images
[12.880s] -- Installing: /home/pau24113/Documents/GitHub/IR2121/pau2_ws/install/turtlesim/share/turtlesim/images/dashing.png
[12.880s] -- Installing: /home/pau24113/Documents/GitHub/IR2121/pau2_ws/install/turtlesim/share/turtlesim/images/bouncy.png
[12.880s] -- Installing: /home/pau24113/Documents/GitHub/IR2121/pau2_ws/install/turtlesim/share/turtlesim/images/foxy.png
[12.880s] -- Installing: /home/pau24113/Documents/GitHub/IR2121/pau2_ws/install/turtlesim/share/turtlesim/images/ardent.png
[12.881s] -- Installing: /home/pau24113/Documents/GitHub/IR2121/pau2_ws/install/turtlesim/share/turtlesim/images/eloquent.png
[12.881s] -- Installing: /home/pau24113/Documents/GitHub/IR2121/pau2_ws/install/turtlesim/share/turtlesim/images/crystal.png
[12.881s] -- Installing: /home/pau24113/Documents/GitHub/IR2121/pau2_ws/install/turtlesim/share/turtlesim/launch
[12.881s] -- Installing: /home/pau24113/Documents/GitHub/IR2121/pau2_ws/install/turtlesim/share/turtlesim/launch/multisim.launch.py
[12.881s] -- Installing: /home/pau24113/Documents/GitHub/IR2121/pau2_ws/install/turtlesim/share/ament_index/resource_index/package_run_dependencies/turtlesim
[12.881s] -- Installing: /home/pau24113/Documents/GitHub/IR2121/pau2_ws/install/turtlesim/share/ament_index/resource_index/parent_prefix_path/turtlesim
[12.881s] -- Installing: /home/pau24113/Documents/GitHub/IR2121/pau2_ws/install/turtlesim/share/turtlesim/environment/ament_prefix_path.sh
[12.881s] -- Installing: /home/pau24113/Documents/GitHub/IR2121/pau2_ws/install/turtlesim/share/turtlesim/environment/ament_prefix_path.dsv
[12.881s] -- Installing: /home/pau24113/Documents/GitHub/IR2121/pau2_ws/install/turtlesim/share/turtlesim/environment/path.sh
[12.881s] -- Installing: /home/pau24113/Documents/GitHub/IR2121/pau2_ws/install/turtlesim/share/turtlesim/environment/path.dsv
[12.881s] -- Installing: /home/pau24113/Documents/GitHub/IR2121/pau2_ws/install/turtlesim/share/turtlesim/local_setup.bash
[12.881s] -- Installing: /home/pau24113/Documents/GitHub/IR2121/pau2_ws/install/turtlesim/share/turtlesim/local_setup.sh
[12.881s] -- Installing: /home/pau24113/Documents/GitHub/IR2121/pau2_ws/install/turtlesim/share/turtlesim/local_setup.zsh
[12.882s] -- Installing: /home/pau24113/Documents/GitHub/IR2121/pau2_ws/install/turtlesim/share/turtlesim/local_setup.dsv
[12.882s] -- Installing: /home/pau24113/Documents/GitHub/IR2121/pau2_ws/install/turtlesim/share/turtlesim/package.dsv
[12.882s] -- Installing: /home/pau24113/Documents/GitHub/IR2121/pau2_ws/install/turtlesim/share/ament_index/resource_index/packages/turtlesim
[12.882s] -- Installing: /home/pau24113/Documents/GitHub/IR2121/pau2_ws/install/turtlesim/share/turtlesim/cmake/turtlesim__rosidl_generator_cExport.cmake
[12.882s] -- Installing: /home/pau24113/Documents/GitHub/IR2121/pau2_ws/install/turtlesim/share/turtlesim/cmake/turtlesim__rosidl_generator_cExport-noconfig.cmake
[12.882s] -- Installing: /home/pau24113/Documents/GitHub/IR2121/pau2_ws/install/turtlesim/share/turtlesim/cmake/turtlesim__rosidl_typesupport_introspection_cExport.cmake
[12.882s] -- Installing: /home/pau24113/Documents/GitHub/IR2121/pau2_ws/install/turtlesim/share/turtlesim/cmake/turtlesim__rosidl_typesupport_introspection_cExport-noconfig.cmake
[12.882s] -- Installing: /home/pau24113/Documents/GitHub/IR2121/pau2_ws/install/turtlesim/share/turtlesim/cmake/turtlesim__rosidl_typesupport_cExport.cmake
[12.882s] -- Installing: /home/pau24113/Documents/GitHub/IR2121/pau2_ws/install/turtlesim/share/turtlesim/cmake/turtlesim__rosidl_typesupport_cExport-noconfig.cmake
[12.883s] -- Installing: /home/pau24113/Documents/GitHub/IR2121/pau2_ws/install/turtlesim/share/turtlesim/cmake/turtlesim__rosidl_generator_cppExport.cmake
[12.883s] -- Installing: /home/pau24113/Documents/GitHub/IR2121/pau2_ws/install/turtlesim/share/turtlesim/cmake/turtlesim__rosidl_typesupport_introspection_cppExport.cmake
[12.883s] -- Installing: /home/pau24113/Documents/GitHub/IR2121/pau2_ws/install/turtlesim/share/turtlesim/cmake/turtlesim__rosidl_typesupport_introspection_cppExport-noconfig.cmake
[12.883s] -- Installing: /home/pau24113/Documents/GitHub/IR2121/pau2_ws/install/turtlesim/share/turtlesim/cmake/turtlesim__rosidl_typesupport_cppExport.cmake
[12.883s] -- Installing: /home/pau24113/Documents/GitHub/IR2121/pau2_ws/install/turtlesim/share/turtlesim/cmake/turtlesim__rosidl_typesupport_cppExport-noconfig.cmake
[12.883s] -- Installing: /home/pau24113/Documents/GitHub/IR2121/pau2_ws/install/turtlesim/share/turtlesim/cmake/rosidl_cmake-extras.cmake
[12.883s] -- Installing: /home/pau24113/Documents/GitHub/IR2121/pau2_ws/install/turtlesim/share/turtlesim/cmake/ament_cmake_export_dependencies-extras.cmake
[12.883s] -- Installing: /home/pau24113/Documents/GitHub/IR2121/pau2_ws/install/turtlesim/share/turtlesim/cmake/ament_cmake_export_libraries-extras.cmake
[12.883s] -- Installing: /home/pau24113/Documents/GitHub/IR2121/pau2_ws/install/turtlesim/share/turtlesim/cmake/ament_cmake_export_targets-extras.cmake
[12.883s] -- Installing: /home/pau24113/Documents/GitHub/IR2121/pau2_ws/install/turtlesim/share/turtlesim/cmake/ament_cmake_export_include_directories-extras.cmake
[12.884s] -- Installing: /home/pau24113/Documents/GitHub/IR2121/pau2_ws/install/turtlesim/share/turtlesim/cmake/rosidl_cmake_export_typesupport_libraries-extras.cmake
[12.884s] -- Installing: /home/pau24113/Documents/GitHub/IR2121/pau2_ws/install/turtlesim/share/turtlesim/cmake/rosidl_cmake_export_typesupport_targets-extras.cmake
[12.884s] -- Installing: /home/pau24113/Documents/GitHub/IR2121/pau2_ws/install/turtlesim/share/turtlesim/cmake/turtlesimConfig.cmake
[12.884s] -- Installing: /home/pau24113/Documents/GitHub/IR2121/pau2_ws/install/turtlesim/share/turtlesim/cmake/turtlesimConfig-version.cmake
[12.884s] -- Installing: /home/pau24113/Documents/GitHub/IR2121/pau2_ws/install/turtlesim/share/turtlesim/package.xml
[12.886s] Invoked command in '/home/pau24113/Documents/GitHub/IR2121/pau2_ws/build/turtlesim' returned '0': CMAKE_PREFIX_PATH=/opt/ros/foxy /usr/bin/cmake --install /home/pau24113/Documents/GitHub/IR2121/pau2_ws/build/turtlesim
