-- Found ament_cmake: 0.9.12 (/opt/ros/foxy/share/ament_cmake/cmake)
-- Using PYTHON_EXECUTABLE: /usr/bin/python3
-- Found rclcpp: 2.4.3 (/opt/ros/foxy/share/rclcpp/cmake)
-- Using all available rosidl_typesupport_c: rosidl_typesupport_fastrtps_c;rosidl_typesupport_introspection_c
-- Found rosidl_adapter: 1.3.1 (/opt/ros/foxy/share/rosidl_adapter/cmake)
-- Using all available rosidl_typesupport_cpp: rosidl_typesupport_fastrtps_cpp;rosidl_typesupport_introspection_cpp
-- Found rmw_implementation_cmake: 1.0.4 (/opt/ros/foxy/share/rmw_implementation_cmake/cmake)
-- Using RMW implementation 'rmw_fastrtps_cpp' as default
-- Found geometry_msgs: 2.0.5 (/opt/ros/foxy/share/geometry_msgs/cmake)
-- Found nav_msgs: 2.0.5 (/opt/ros/foxy/share/nav_msgs/cmake)
-- Found ament_lint_auto: 0.9.8 (/opt/ros/foxy/share/ament_lint_auto/cmake)
-- Added test 'copyright' to check source files copyright and LICENSE
-- Added test 'cppcheck' to perform static code analysis on C / C++ code
-- Configured cppcheck include dirs: 
-- Configured cppcheck exclude dirs and/or files: 
-- Added test 'cpplint' to check C / C++ code against the Google style
-- Configured cpplint exclude dirs and/or files: 
-- Added test 'lint_cmake' to check CMake code style
-- Added test 'uncrustify' to check C / C++ code style
-- Configured uncrustify additional arguments: 
-- Added test 'xmllint' to check XML markup files
-- Configuring done
-- Generating done
-- Build files have been written to: /home/pau24113/Documents/GitHub/IR2121/pau2_ws/build/patrolling
[35m[1mScanning dependencies of target subscriber[0m
[ 50%] Built target publisher
[ 75%] [32mBuilding CXX object CMakeFiles/subscriber.dir/src/subscriber.cpp.o[0m
[100%] [32m[1mLinking CXX executable subscriber[0m
[100%] Built target subscriber
-- Install configuration: ""
-- Up-to-date: /home/pau24113/Documents/GitHub/IR2121/pau2_ws/install/patrolling/lib/patrolling/publisher
-- Installing: /home/pau24113/Documents/GitHub/IR2121/pau2_ws/install/patrolling/lib/patrolling/subscriber
-- Set runtime path of "/home/pau24113/Documents/GitHub/IR2121/pau2_ws/install/patrolling/lib/patrolling/subscriber" to ""
-- Up-to-date: /home/pau24113/Documents/GitHub/IR2121/pau2_ws/install/patrolling/share/ament_index/resource_index/package_run_dependencies/patrolling
-- Installing: /home/pau24113/Documents/GitHub/IR2121/pau2_ws/install/patrolling/share/ament_index/resource_index/parent_prefix_path/patrolling
-- Up-to-date: /home/pau24113/Documents/GitHub/IR2121/pau2_ws/install/patrolling/share/patrolling/environment/ament_prefix_path.sh
-- Installing: /home/pau24113/Documents/GitHub/IR2121/pau2_ws/install/patrolling/share/patrolling/environment/ament_prefix_path.dsv
-- Up-to-date: /home/pau24113/Documents/GitHub/IR2121/pau2_ws/install/patrolling/share/patrolling/environment/path.sh
-- Installing: /home/pau24113/Documents/GitHub/IR2121/pau2_ws/install/patrolling/share/patrolling/environment/path.dsv
-- Up-to-date: /home/pau24113/Documents/GitHub/IR2121/pau2_ws/install/patrolling/share/patrolling/local_setup.bash
-- Up-to-date: /home/pau24113/Documents/GitHub/IR2121/pau2_ws/install/patrolling/share/patrolling/local_setup.sh
-- Up-to-date: /home/pau24113/Documents/GitHub/IR2121/pau2_ws/install/patrolling/share/patrolling/local_setup.zsh
-- Installing: /home/pau24113/Documents/GitHub/IR2121/pau2_ws/install/patrolling/share/patrolling/local_setup.dsv
-- Installing: /home/pau24113/Documents/GitHub/IR2121/pau2_ws/install/patrolling/share/patrolling/package.dsv
-- Up-to-date: /home/pau24113/Documents/GitHub/IR2121/pau2_ws/install/patrolling/share/ament_index/resource_index/packages/patrolling
-- Up-to-date: /home/pau24113/Documents/GitHub/IR2121/pau2_ws/install/patrolling/share/patrolling/cmake/patrollingConfig.cmake
-- Up-to-date: /home/pau24113/Documents/GitHub/IR2121/pau2_ws/install/patrolling/share/patrolling/cmake/patrollingConfig-version.cmake
-- Up-to-date: /home/pau24113/Documents/GitHub/IR2121/pau2_ws/install/patrolling/share/patrolling/package.xml
