[1.966s] DEBUG:colcon:Command line arguments: ['/usr/bin/colcon', 'build']
[1.966s] DEBUG:colcon:Parsed command line arguments: Namespace(allow_overriding=[], ament_cmake_args=None, base_paths=['.'], build_base='build', catkin_cmake_args=None, catkin_skip_building_tests=False, cmake_args=None, cmake_clean_cache=False, cmake_clean_first=False, cmake_force_configure=False, cmake_target=None, cmake_target_skip_unavailable=False, continue_on_error=False, event_handlers=None, executor='parallel', ignore_user_meta=False, install_base='install', log_base=None, log_level=None, main=<bound method BuildVerb.main of <colcon_core.verb.build.BuildVerb object at 0x7f688d26e040>>, merge_install=False, metas=['./colcon.meta'], packages_above=None, packages_above_and_dependencies=None, packages_above_depth=None, packages_end=None, packages_ignore=None, packages_ignore_regex=None, packages_select=None, packages_select_build_failed=False, packages_select_by_dep=None, packages_select_regex=None, packages_select_test_failures=False, packages_skip=None, packages_skip_build_finished=False, packages_skip_by_dep=None, packages_skip_regex=None, packages_skip_test_passed=False, packages_skip_up_to=None, packages_start=None, packages_up_to=None, packages_up_to_regex=None, parallel_workers=16, paths=None, symlink_install=False, test_result_base=None, verb_extension=<colcon_core.verb.build.BuildVerb object at 0x7f688d26e040>, verb_name='build', verb_parser=<colcon_defaults.argument_parser.defaults.DefaultArgumentsDecorator object at 0x7f688d26ee50>)
[2.068s] Level 1:colcon.colcon_core.package_discovery:discover_packages(colcon_meta) check parameters
[2.068s] Level 1:colcon.colcon_core.package_discovery:discover_packages(recursive) check parameters
[2.068s] Level 1:colcon.colcon_core.package_discovery:discover_packages(ignore) check parameters
[2.068s] Level 1:colcon.colcon_core.package_discovery:discover_packages(path) check parameters
[2.068s] Level 1:colcon.colcon_core.package_discovery:discover_packages(colcon_meta) discover
[2.068s] Level 1:colcon.colcon_core.package_discovery:discover_packages(recursive) discover
[2.068s] INFO:colcon.colcon_core.package_discovery:Crawling recursively for packages in '/home/pau24113/Documents/GitHub/IR2121/pau2_ws'
[2.068s] Level 1:colcon.colcon_core.package_identification:_identify(.) by extensions ['ignore', 'ignore_ament_install']
[2.068s] Level 1:colcon.colcon_core.package_identification:_identify(.) by extension 'ignore'
[2.068s] Level 1:colcon.colcon_core.package_identification:_identify(.) by extension 'ignore_ament_install'
[2.068s] Level 1:colcon.colcon_core.package_identification:_identify(.) by extensions ['colcon_pkg']
[2.068s] Level 1:colcon.colcon_core.package_identification:_identify(.) by extension 'colcon_pkg'
[2.068s] Level 1:colcon.colcon_core.package_identification:_identify(.) by extensions ['colcon_meta']
[2.068s] Level 1:colcon.colcon_core.package_identification:_identify(.) by extension 'colcon_meta'
[2.068s] Level 1:colcon.colcon_core.package_identification:_identify(.) by extensions ['ros']
[2.068s] Level 1:colcon.colcon_core.package_identification:_identify(.) by extension 'ros'
[2.076s] Level 1:colcon.colcon_core.package_identification:_identify(.) by extensions ['cmake', 'python']
[2.076s] Level 1:colcon.colcon_core.package_identification:_identify(.) by extension 'cmake'
[2.076s] Level 1:colcon.colcon_core.package_identification:_identify(.) by extension 'python'
[2.076s] Level 1:colcon.colcon_core.package_identification:_identify(.) by extensions ['python_setup_py']
[2.076s] Level 1:colcon.colcon_core.package_identification:_identify(.) by extension 'python_setup_py'
[2.076s] Level 1:colcon.colcon_core.package_identification:_identify(build) by extensions ['ignore', 'ignore_ament_install']
[2.076s] Level 1:colcon.colcon_core.package_identification:_identify(build) by extension 'ignore'
[2.076s] Level 1:colcon.colcon_core.package_identification:_identify(build) ignored
[2.076s] Level 1:colcon.colcon_core.package_identification:_identify(install) by extensions ['ignore', 'ignore_ament_install']
[2.076s] Level 1:colcon.colcon_core.package_identification:_identify(install) by extension 'ignore'
[2.076s] Level 1:colcon.colcon_core.package_identification:_identify(install) ignored
[2.076s] Level 1:colcon.colcon_core.package_identification:_identify(log) by extensions ['ignore', 'ignore_ament_install']
[2.076s] Level 1:colcon.colcon_core.package_identification:_identify(log) by extension 'ignore'
[2.076s] Level 1:colcon.colcon_core.package_identification:_identify(log) ignored
[2.076s] Level 1:colcon.colcon_core.package_identification:_identify(src) by extensions ['ignore', 'ignore_ament_install']
[2.077s] Level 1:colcon.colcon_core.package_identification:_identify(src) by extension 'ignore'
[2.077s] Level 1:colcon.colcon_core.package_identification:_identify(src) by extension 'ignore_ament_install'
[2.077s] Level 1:colcon.colcon_core.package_identification:_identify(src) by extensions ['colcon_pkg']
[2.077s] Level 1:colcon.colcon_core.package_identification:_identify(src) by extension 'colcon_pkg'
[2.077s] Level 1:colcon.colcon_core.package_identification:_identify(src) by extensions ['colcon_meta']
[2.077s] Level 1:colcon.colcon_core.package_identification:_identify(src) by extension 'colcon_meta'
[2.077s] Level 1:colcon.colcon_core.package_identification:_identify(src) by extensions ['ros']
[2.077s] Level 1:colcon.colcon_core.package_identification:_identify(src) by extension 'ros'
[2.077s] Level 1:colcon.colcon_core.package_identification:_identify(src) by extensions ['cmake', 'python']
[2.077s] Level 1:colcon.colcon_core.package_identification:_identify(src) by extension 'cmake'
[2.077s] Level 1:colcon.colcon_core.package_identification:_identify(src) by extension 'python'
[2.077s] Level 1:colcon.colcon_core.package_identification:_identify(src) by extensions ['python_setup_py']
[2.077s] Level 1:colcon.colcon_core.package_identification:_identify(src) by extension 'python_setup_py'
[2.077s] Level 1:colcon.colcon_core.package_identification:_identify(src/ros_tutorials) by extensions ['ignore', 'ignore_ament_install']
[2.077s] Level 1:colcon.colcon_core.package_identification:_identify(src/ros_tutorials) by extension 'ignore'
[2.077s] Level 1:colcon.colcon_core.package_identification:_identify(src/ros_tutorials) by extension 'ignore_ament_install'
[2.077s] Level 1:colcon.colcon_core.package_identification:_identify(src/ros_tutorials) by extensions ['colcon_pkg']
[2.077s] Level 1:colcon.colcon_core.package_identification:_identify(src/ros_tutorials) by extension 'colcon_pkg'
[2.077s] Level 1:colcon.colcon_core.package_identification:_identify(src/ros_tutorials) by extensions ['colcon_meta']
[2.077s] Level 1:colcon.colcon_core.package_identification:_identify(src/ros_tutorials) by extension 'colcon_meta'
[2.077s] Level 1:colcon.colcon_core.package_identification:_identify(src/ros_tutorials) by extensions ['ros']
[2.077s] Level 1:colcon.colcon_core.package_identification:_identify(src/ros_tutorials) by extension 'ros'
[2.077s] Level 1:colcon.colcon_core.package_identification:_identify(src/ros_tutorials) by extensions ['cmake', 'python']
[2.077s] Level 1:colcon.colcon_core.package_identification:_identify(src/ros_tutorials) by extension 'cmake'
[2.077s] Level 1:colcon.colcon_core.package_identification:_identify(src/ros_tutorials) by extension 'python'
[2.078s] Level 1:colcon.colcon_core.package_identification:_identify(src/ros_tutorials) by extensions ['python_setup_py']
[2.078s] Level 1:colcon.colcon_core.package_identification:_identify(src/ros_tutorials) by extension 'python_setup_py'
[2.078s] Level 1:colcon.colcon_core.package_identification:_identify(src/ros_tutorials/ros_tutorials) by extensions ['ignore', 'ignore_ament_install']
[2.078s] Level 1:colcon.colcon_core.package_identification:_identify(src/ros_tutorials/ros_tutorials) by extension 'ignore'
[2.078s] Level 1:colcon.colcon_core.package_identification:_identify(src/ros_tutorials/ros_tutorials) ignored
[2.078s] Level 1:colcon.colcon_core.package_identification:_identify(src/ros_tutorials/roscpp_tutorials) by extensions ['ignore', 'ignore_ament_install']
[2.078s] Level 1:colcon.colcon_core.package_identification:_identify(src/ros_tutorials/roscpp_tutorials) by extension 'ignore'
[2.078s] Level 1:colcon.colcon_core.package_identification:_identify(src/ros_tutorials/roscpp_tutorials) ignored
[2.078s] Level 1:colcon.colcon_core.package_identification:_identify(src/ros_tutorials/rospy_tutorials) by extensions ['ignore', 'ignore_ament_install']
[2.078s] Level 1:colcon.colcon_core.package_identification:_identify(src/ros_tutorials/rospy_tutorials) by extension 'ignore'
[2.078s] Level 1:colcon.colcon_core.package_identification:_identify(src/ros_tutorials/rospy_tutorials) ignored
[2.078s] Level 1:colcon.colcon_core.package_identification:_identify(src/ros_tutorials/turtlesim) by extensions ['ignore', 'ignore_ament_install']
[2.078s] Level 1:colcon.colcon_core.package_identification:_identify(src/ros_tutorials/turtlesim) by extension 'ignore'
[2.078s] Level 1:colcon.colcon_core.package_identification:_identify(src/ros_tutorials/turtlesim) by extension 'ignore_ament_install'
[2.078s] Level 1:colcon.colcon_core.package_identification:_identify(src/ros_tutorials/turtlesim) by extensions ['colcon_pkg']
[2.078s] Level 1:colcon.colcon_core.package_identification:_identify(src/ros_tutorials/turtlesim) by extension 'colcon_pkg'
[2.078s] Level 1:colcon.colcon_core.package_identification:_identify(src/ros_tutorials/turtlesim) by extensions ['colcon_meta']
[2.078s] Level 1:colcon.colcon_core.package_identification:_identify(src/ros_tutorials/turtlesim) by extension 'colcon_meta'
[2.078s] Level 1:colcon.colcon_core.package_identification:_identify(src/ros_tutorials/turtlesim) by extensions ['ros']
[2.078s] Level 1:colcon.colcon_core.package_identification:_identify(src/ros_tutorials/turtlesim) by extension 'ros'
[2.081s] DEBUG:colcon.colcon_core.package_identification:Package 'src/ros_tutorials/turtlesim' with type 'ros.ament_cmake' and name 'turtlesim'
[2.081s] Level 1:colcon.colcon_core.package_discovery:discover_packages(recursive) using defaults
[2.081s] Level 1:colcon.colcon_core.package_discovery:discover_packages(ignore) discover
[2.081s] Level 1:colcon.colcon_core.package_discovery:discover_packages(ignore) using defaults
[2.081s] Level 1:colcon.colcon_core.package_discovery:discover_packages(path) discover
[2.081s] Level 1:colcon.colcon_core.package_discovery:discover_packages(path) using defaults
[2.262s] Level 1:colcon.colcon_core.package_discovery:discover_packages(prefix_path) check parameters
[2.262s] Level 1:colcon.colcon_core.package_discovery:discover_packages(prefix_path) discover
[2.331s] DEBUG:colcon.colcon_installed_package_information.package_discovery:Found 282 installed packages in /opt/ros/foxy
[2.332s] Level 1:colcon.colcon_core.package_discovery:discover_packages(prefix_path) using defaults
[2.462s] Level 5:colcon.colcon_core.verb:set package 'turtlesim' build argument 'cmake_args' from command line to 'None'
[2.462s] Level 5:colcon.colcon_core.verb:set package 'turtlesim' build argument 'cmake_target' from command line to 'None'
[2.462s] Level 5:colcon.colcon_core.verb:set package 'turtlesim' build argument 'cmake_target_skip_unavailable' from command line to 'False'
[2.462s] Level 5:colcon.colcon_core.verb:set package 'turtlesim' build argument 'cmake_clean_cache' from command line to 'False'
[2.462s] Level 5:colcon.colcon_core.verb:set package 'turtlesim' build argument 'cmake_clean_first' from command line to 'False'
[2.462s] Level 5:colcon.colcon_core.verb:set package 'turtlesim' build argument 'cmake_force_configure' from command line to 'False'
[2.462s] Level 5:colcon.colcon_core.verb:set package 'turtlesim' build argument 'ament_cmake_args' from command line to 'None'
[2.462s] Level 5:colcon.colcon_core.verb:set package 'turtlesim' build argument 'catkin_cmake_args' from command line to 'None'
[2.462s] Level 5:colcon.colcon_core.verb:set package 'turtlesim' build argument 'catkin_skip_building_tests' from command line to 'False'
[2.462s] DEBUG:colcon.colcon_core.verb:Building package 'turtlesim' with the following arguments: {'ament_cmake_args': None, 'build_base': '/home/pau24113/Documents/GitHub/IR2121/pau2_ws/build/turtlesim', 'catkin_cmake_args': None, 'catkin_skip_building_tests': False, 'cmake_args': None, 'cmake_clean_cache': False, 'cmake_clean_first': False, 'cmake_force_configure': False, 'cmake_target': None, 'cmake_target_skip_unavailable': False, 'install_base': '/home/pau24113/Documents/GitHub/IR2121/pau2_ws/install/turtlesim', 'merge_install': False, 'path': '/home/pau24113/Documents/GitHub/IR2121/pau2_ws/src/ros_tutorials/turtlesim', 'symlink_install': False, 'test_result_base': None}
[2.496s] INFO:colcon.colcon_core.executor:Executing jobs using 'parallel' executor
[2.530s] DEBUG:colcon.colcon_parallel_executor.executor.parallel:run_until_complete
[2.530s] INFO:colcon.colcon_ros.task.ament_cmake.build:Building ROS package in '/home/pau24113/Documents/GitHub/IR2121/pau2_ws/src/ros_tutorials/turtlesim' with build type 'ament_cmake'
[2.530s] INFO:colcon.colcon_cmake.task.cmake.build:Building CMake package in '/home/pau24113/Documents/GitHub/IR2121/pau2_ws/src/ros_tutorials/turtlesim'
[2.571s] INFO:colcon.colcon_core.plugin_system:Skipping extension 'colcon_core.shell.bat': Not used on non-Windows systems
[2.571s] INFO:colcon.colcon_core.shell:Skip shell extension 'powershell' for command environment: Not usable outside of PowerShell
[2.571s] DEBUG:colcon.colcon_core.shell:Skip shell extension 'dsv' for command environment
[2.655s] DEBUG:colcon.colcon_core.event_handler.log_command:Invoking command in '/home/pau24113/Documents/GitHub/IR2121/pau2_ws/build/turtlesim': CMAKE_PREFIX_PATH=/opt/ros/foxy /usr/bin/cmake /home/pau24113/Documents/GitHub/IR2121/pau2_ws/src/ros_tutorials/turtlesim -DCMAKE_INSTALL_PREFIX=/home/pau24113/Documents/GitHub/IR2121/pau2_ws/install/turtlesim
[4.517s] DEBUG:colcon.colcon_core.event_handler.log_command:Invoked command in '/home/pau24113/Documents/GitHub/IR2121/pau2_ws/build/turtlesim' returned '0': CMAKE_PREFIX_PATH=/opt/ros/foxy /usr/bin/cmake /home/pau24113/Documents/GitHub/IR2121/pau2_ws/src/ros_tutorials/turtlesim -DCMAKE_INSTALL_PREFIX=/home/pau24113/Documents/GitHub/IR2121/pau2_ws/install/turtlesim
[4.519s] DEBUG:colcon.colcon_core.event_handler.log_command:Invoking command in '/home/pau24113/Documents/GitHub/IR2121/pau2_ws/build/turtlesim': CMAKE_PREFIX_PATH=/opt/ros/foxy /usr/bin/cmake --build /home/pau24113/Documents/GitHub/IR2121/pau2_ws/build/turtlesim -- -j16 -l16
[15.264s] DEBUG:colcon.colcon_core.event_handler.log_command:Invoked command in '/home/pau24113/Documents/GitHub/IR2121/pau2_ws/build/turtlesim' returned '0': CMAKE_PREFIX_PATH=/opt/ros/foxy /usr/bin/cmake --build /home/pau24113/Documents/GitHub/IR2121/pau2_ws/build/turtlesim -- -j16 -l16
[15.355s] DEBUG:colcon.colcon_core.event_handler.log_command:Invoking command in '/home/pau24113/Documents/GitHub/IR2121/pau2_ws/build/turtlesim': CMAKE_PREFIX_PATH=/opt/ros/foxy /usr/bin/cmake --install /home/pau24113/Documents/GitHub/IR2121/pau2_ws/build/turtlesim
[15.416s] Level 1:colcon.colcon_core.environment:create_environment_scripts_only(turtlesim)
[15.416s] DEBUG:colcon.colcon_core.event_handler.log_command:Invoked command in '/home/pau24113/Documents/GitHub/IR2121/pau2_ws/build/turtlesim' returned '0': CMAKE_PREFIX_PATH=/opt/ros/foxy /usr/bin/cmake --install /home/pau24113/Documents/GitHub/IR2121/pau2_ws/build/turtlesim
[15.452s] Level 1:colcon.colcon_core.environment:checking '/home/pau24113/Documents/GitHub/IR2121/pau2_ws/install/turtlesim' for CMake module files
[15.452s] Level 1:colcon.colcon_core.environment:checking '/home/pau24113/Documents/GitHub/IR2121/pau2_ws/install/turtlesim' for CMake config files
[15.453s] Level 1:colcon.colcon_core.shell:create_environment_hook('turtlesim', 'cmake_prefix_path')
[15.486s] INFO:colcon.colcon_core.shell:Creating environment hook '/home/pau24113/Documents/GitHub/IR2121/pau2_ws/install/turtlesim/share/turtlesim/hook/cmake_prefix_path.ps1'
[15.487s] INFO:colcon.colcon_core.shell:Creating environment descriptor '/home/pau24113/Documents/GitHub/IR2121/pau2_ws/install/turtlesim/share/turtlesim/hook/cmake_prefix_path.dsv'
[15.487s] INFO:colcon.colcon_core.shell:Creating environment hook '/home/pau24113/Documents/GitHub/IR2121/pau2_ws/install/turtlesim/share/turtlesim/hook/cmake_prefix_path.sh'
[15.488s] Level 1:colcon.colcon_core.environment:checking '/home/pau24113/Documents/GitHub/IR2121/pau2_ws/install/turtlesim/lib'
[15.488s] Level 1:colcon.colcon_core.shell:create_environment_hook('turtlesim', 'ld_library_path_lib')
[15.522s] INFO:colcon.colcon_core.shell:Creating environment hook '/home/pau24113/Documents/GitHub/IR2121/pau2_ws/install/turtlesim/share/turtlesim/hook/ld_library_path_lib.ps1'
[15.523s] INFO:colcon.colcon_core.shell:Creating environment descriptor '/home/pau24113/Documents/GitHub/IR2121/pau2_ws/install/turtlesim/share/turtlesim/hook/ld_library_path_lib.dsv'
[15.523s] INFO:colcon.colcon_core.shell:Creating environment hook '/home/pau24113/Documents/GitHub/IR2121/pau2_ws/install/turtlesim/share/turtlesim/hook/ld_library_path_lib.sh'
[15.523s] Level 1:colcon.colcon_core.environment:checking '/home/pau24113/Documents/GitHub/IR2121/pau2_ws/install/turtlesim/bin'
[15.523s] Level 1:colcon.colcon_core.environment:checking '/home/pau24113/Documents/GitHub/IR2121/pau2_ws/install/turtlesim/lib/pkgconfig/turtlesim.pc'
[15.523s] Level 1:colcon.colcon_core.environment:checking '/home/pau24113/Documents/GitHub/IR2121/pau2_ws/install/turtlesim/lib/python3.8/site-packages'
[15.523s] Level 1:colcon.colcon_core.shell:create_environment_hook('turtlesim', 'pythonpath')
[15.558s] INFO:colcon.colcon_core.shell:Creating environment hook '/home/pau24113/Documents/GitHub/IR2121/pau2_ws/install/turtlesim/share/turtlesim/hook/pythonpath.ps1'
[15.559s] INFO:colcon.colcon_core.shell:Creating environment descriptor '/home/pau24113/Documents/GitHub/IR2121/pau2_ws/install/turtlesim/share/turtlesim/hook/pythonpath.dsv'
[15.559s] INFO:colcon.colcon_core.shell:Creating environment hook '/home/pau24113/Documents/GitHub/IR2121/pau2_ws/install/turtlesim/share/turtlesim/hook/pythonpath.sh'
[15.559s] Level 1:colcon.colcon_core.environment:checking '/home/pau24113/Documents/GitHub/IR2121/pau2_ws/install/turtlesim/bin'
[15.594s] INFO:colcon.colcon_core.shell:Creating package script '/home/pau24113/Documents/GitHub/IR2121/pau2_ws/install/turtlesim/share/turtlesim/package.ps1'
[15.595s] INFO:colcon.colcon_core.shell:Creating package descriptor '/home/pau24113/Documents/GitHub/IR2121/pau2_ws/install/turtlesim/share/turtlesim/package.dsv'
[15.595s] INFO:colcon.colcon_core.shell:Creating package script '/home/pau24113/Documents/GitHub/IR2121/pau2_ws/install/turtlesim/share/turtlesim/package.sh'
[15.596s] INFO:colcon.colcon_core.shell:Creating package script '/home/pau24113/Documents/GitHub/IR2121/pau2_ws/install/turtlesim/share/turtlesim/package.bash'
[15.596s] INFO:colcon.colcon_core.shell:Creating package script '/home/pau24113/Documents/GitHub/IR2121/pau2_ws/install/turtlesim/share/turtlesim/package.zsh'
[15.597s] Level 1:colcon.colcon_core.environment:create_file_with_runtime_dependencies(/home/pau24113/Documents/GitHub/IR2121/pau2_ws/install/turtlesim/share/colcon-core/packages/turtlesim)
[15.713s] Level 1:colcon.colcon_core.environment:create_environment_scripts_only(turtlesim)
[15.748s] Level 1:colcon.colcon_core.environment:checking '/home/pau24113/Documents/GitHub/IR2121/pau2_ws/install/turtlesim' for CMake module files
[15.749s] Level 1:colcon.colcon_core.environment:checking '/home/pau24113/Documents/GitHub/IR2121/pau2_ws/install/turtlesim' for CMake config files
[15.749s] Level 1:colcon.colcon_core.shell:create_environment_hook('turtlesim', 'cmake_prefix_path')
[15.784s] INFO:colcon.colcon_core.shell:Creating environment hook '/home/pau24113/Documents/GitHub/IR2121/pau2_ws/install/turtlesim/share/turtlesim/hook/cmake_prefix_path.ps1'
[15.784s] INFO:colcon.colcon_core.shell:Creating environment descriptor '/home/pau24113/Documents/GitHub/IR2121/pau2_ws/install/turtlesim/share/turtlesim/hook/cmake_prefix_path.dsv'
[15.785s] INFO:colcon.colcon_core.shell:Creating environment hook '/home/pau24113/Documents/GitHub/IR2121/pau2_ws/install/turtlesim/share/turtlesim/hook/cmake_prefix_path.sh'
[15.785s] Level 1:colcon.colcon_core.environment:checking '/home/pau24113/Documents/GitHub/IR2121/pau2_ws/install/turtlesim/lib'
[15.785s] Level 1:colcon.colcon_core.shell:create_environment_hook('turtlesim', 'ld_library_path_lib')
[15.820s] INFO:colcon.colcon_core.shell:Creating environment hook '/home/pau24113/Documents/GitHub/IR2121/pau2_ws/install/turtlesim/share/turtlesim/hook/ld_library_path_lib.ps1'
[15.820s] INFO:colcon.colcon_core.shell:Creating environment descriptor '/home/pau24113/Documents/GitHub/IR2121/pau2_ws/install/turtlesim/share/turtlesim/hook/ld_library_path_lib.dsv'
[15.821s] INFO:colcon.colcon_core.shell:Creating environment hook '/home/pau24113/Documents/GitHub/IR2121/pau2_ws/install/turtlesim/share/turtlesim/hook/ld_library_path_lib.sh'
[15.821s] Level 1:colcon.colcon_core.environment:checking '/home/pau24113/Documents/GitHub/IR2121/pau2_ws/install/turtlesim/bin'
[15.821s] Level 1:colcon.colcon_core.environment:checking '/home/pau24113/Documents/GitHub/IR2121/pau2_ws/install/turtlesim/lib/pkgconfig/turtlesim.pc'
[15.821s] Level 1:colcon.colcon_core.environment:checking '/home/pau24113/Documents/GitHub/IR2121/pau2_ws/install/turtlesim/lib/python3.8/site-packages'
[15.821s] Level 1:colcon.colcon_core.shell:create_environment_hook('turtlesim', 'pythonpath')
[15.856s] INFO:colcon.colcon_core.shell:Creating environment hook '/home/pau24113/Documents/GitHub/IR2121/pau2_ws/install/turtlesim/share/turtlesim/hook/pythonpath.ps1'
[15.856s] INFO:colcon.colcon_core.shell:Creating environment descriptor '/home/pau24113/Documents/GitHub/IR2121/pau2_ws/install/turtlesim/share/turtlesim/hook/pythonpath.dsv'
[15.856s] INFO:colcon.colcon_core.shell:Creating environment hook '/home/pau24113/Documents/GitHub/IR2121/pau2_ws/install/turtlesim/share/turtlesim/hook/pythonpath.sh'
[15.857s] Level 1:colcon.colcon_core.environment:checking '/home/pau24113/Documents/GitHub/IR2121/pau2_ws/install/turtlesim/bin'
[15.893s] INFO:colcon.colcon_core.shell:Creating package script '/home/pau24113/Documents/GitHub/IR2121/pau2_ws/install/turtlesim/share/turtlesim/package.ps1'
[15.893s] INFO:colcon.colcon_core.shell:Creating package descriptor '/home/pau24113/Documents/GitHub/IR2121/pau2_ws/install/turtlesim/share/turtlesim/package.dsv'
[15.893s] INFO:colcon.colcon_core.shell:Creating package script '/home/pau24113/Documents/GitHub/IR2121/pau2_ws/install/turtlesim/share/turtlesim/package.sh'
[15.894s] INFO:colcon.colcon_core.shell:Creating package script '/home/pau24113/Documents/GitHub/IR2121/pau2_ws/install/turtlesim/share/turtlesim/package.bash'
[15.894s] INFO:colcon.colcon_core.shell:Creating package script '/home/pau24113/Documents/GitHub/IR2121/pau2_ws/install/turtlesim/share/turtlesim/package.zsh'
[15.894s] Level 1:colcon.colcon_core.environment:create_file_with_runtime_dependencies(/home/pau24113/Documents/GitHub/IR2121/pau2_ws/install/turtlesim/share/colcon-core/packages/turtlesim)
[15.894s] DEBUG:colcon.colcon_parallel_executor.executor.parallel:closing loop
[15.895s] DEBUG:colcon.colcon_parallel_executor.executor.parallel:loop closed
[15.895s] DEBUG:colcon.colcon_parallel_executor.executor.parallel:run_until_complete finished with '0'
[15.895s] DEBUG:colcon.colcon_core.event_reactor:joining thread
[15.931s] INFO:colcon.colcon_core.plugin_system:Skipping extension 'colcon_notification.desktop_notification.terminal_notifier': Not used on non-Darwin systems
[15.931s] INFO:colcon.colcon_core.plugin_system:Skipping extension 'colcon_notification.desktop_notification.win32': Not used on non-Windows systems
[15.931s] INFO:colcon.colcon_notification.desktop_notification:Sending desktop notification using 'notify2'
[15.941s] DEBUG:colcon.colcon_core.event_reactor:joined thread
[15.977s] INFO:colcon.colcon_core.shell:Creating prefix script '/home/pau24113/Documents/GitHub/IR2121/pau2_ws/install/local_setup.ps1'
[15.978s] INFO:colcon.colcon_core.shell:Creating prefix util module '/home/pau24113/Documents/GitHub/IR2121/pau2_ws/install/_local_setup_util_ps1.py'
[15.979s] INFO:colcon.colcon_core.shell:Creating prefix chain script '/home/pau24113/Documents/GitHub/IR2121/pau2_ws/install/setup.ps1'
[16.015s] INFO:colcon.colcon_core.shell:Creating prefix script '/home/pau24113/Documents/GitHub/IR2121/pau2_ws/install/local_setup.sh'
[16.015s] INFO:colcon.colcon_core.shell:Creating prefix util module '/home/pau24113/Documents/GitHub/IR2121/pau2_ws/install/_local_setup_util_sh.py'
[16.016s] INFO:colcon.colcon_core.shell:Creating prefix chain script '/home/pau24113/Documents/GitHub/IR2121/pau2_ws/install/setup.sh'
[16.052s] INFO:colcon.colcon_core.shell:Creating prefix script '/home/pau24113/Documents/GitHub/IR2121/pau2_ws/install/local_setup.bash'
[16.052s] INFO:colcon.colcon_core.shell:Creating prefix chain script '/home/pau24113/Documents/GitHub/IR2121/pau2_ws/install/setup.bash'
[16.087s] INFO:colcon.colcon_core.shell:Creating prefix script '/home/pau24113/Documents/GitHub/IR2121/pau2_ws/install/local_setup.zsh'
[16.088s] INFO:colcon.colcon_core.shell:Creating prefix chain script '/home/pau24113/Documents/GitHub/IR2121/pau2_ws/install/setup.zsh'
