[0.114s] Invoking command in '/home/pau24113/Documents/GitHub/IR2121/pau2_ws/build/patrolling': /usr/bin/cmake /home/pau24113/Documents/GitHub/IR2121/pau2_ws/src/patrolling -DCMAKE_INSTALL_PREFIX=/home/pau24113/Documents/GitHub/IR2121/pau2_ws/install/patrolling
[0.151s] -- The C compiler identification is GNU 9.4.0
[0.189s] -- The CXX compiler identification is GNU 9.4.0
[0.192s] -- Check for working C compiler: /usr/bin/cc
[0.236s] -- Check for working C compiler: /usr/bin/cc -- works
[0.236s] -- Detecting C compiler ABI info
[0.279s] -- Detecting C compiler ABI info - done
[0.288s] -- Detecting C compile features
[0.288s] -- Detecting C compile features - done
[0.290s] -- Check for working CXX compiler: /usr/bin/c++
[0.341s] -- Check for working CXX compiler: /usr/bin/c++ -- works
[0.341s] -- Detecting CXX compiler ABI info
[0.392s] -- Detecting CXX compiler ABI info - done
[0.411s] -- Detecting CXX compile features
[0.411s] -- Detecting CXX compile features - done
[0.427s] -- Configuring incomplete, errors occurred!
[0.428s] See also "/home/pau24113/Documents/GitHub/IR2121/pau2_ws/build/patrolling/CMakeFiles/CMakeOutput.log".
[0.428s] CMake Error at CMakeLists.txt:19 (find_package):
[0.428s]   By not providing "Findament_cmake.cmake" in CMAKE_MODULE_PATH this project
[0.428s]   has asked CMake to find a package configuration file provided by
[0.428s]   "ament_cmake", but CMake did not find one.
[0.428s] 
[0.428s]   Could not find a package configuration file provided by "ament_cmake" with
[0.428s]   any of the following names:
[0.429s] 
[0.429s]     ament_cmakeConfig.cmake
[0.429s]     ament_cmake-config.cmake
[0.429s] 
[0.429s]   Add the installation prefix of "ament_cmake" to CMAKE_PREFIX_PATH or set
[0.429s]   "ament_cmake_DIR" to a directory containing one of the above files.  If
[0.429s]   "ament_cmake" provides a separate development package or SDK, be sure it
[0.429s]   has been installed.
[0.429s] 
[0.429s] 
[0.547s] Invoked command in '/home/pau24113/Documents/GitHub/IR2121/pau2_ws/build/patrolling' returned '1': /usr/bin/cmake /home/pau24113/Documents/GitHub/IR2121/pau2_ws/src/patrolling -DCMAKE_INSTALL_PREFIX=/home/pau24113/Documents/GitHub/IR2121/pau2_ws/install/patrolling
